/p/hdk/cad/tessent/2022.4/bin/tessent -shell -dofile ./dofiles/3.insert_scan.do -logfile ./logfiles/3.insert_scan.log -replace
//  Tessent Shell  2022.4    Tue Nov 29 21:19:37 GMT 2022
//                Unpublished work. Copyright 2022 Siemens
//
//      This material contains trade secrets or otherwise confidential 
//  information owned by Siemens Industry Software Inc. or its affiliates 
//   (collectively, "SISW"), or its licensors. Access to and use of this 
//     information is strictly limited as set forth in the Customer's 
//                   applicable agreements with SISW. 
//
//  Siemens software executing under x86-64 Linux on Sun Oct 29 14:58:07 PDT 2023.
//  64 bit version
//  Host: scdg154306 (48 x 2.4 GHz, 1031406 MB RAM, 49159 MB Swap)
//
//  Note: License will be released if tool is idle for 15 minutes
//  command: dofile ./dofiles/3rd_pass/1.Circuit_setup.do
//    command: set_context dft -scan -design_identifier gate3
//    command: dofile ./dofiles/common/read_standard_cell_libraries.do
//      command: read_cell_library ./inputs/from_TEAMaker/library/teamaker_dft_cell_selection_i0s.tcelllib
//  Reading DFT Library file ./inputs/from_TEAMaker/library/teamaker_dft_cell_selection_i0s.tcelllib
//  Finished reading file ./inputs/from_TEAMaker/library/teamaker_dft_cell_selection_i0s.tcelllib
//      command: read_cell_library ./inputs/from_TEAMaker/library/lib783_i0s_160h_50pp_base_hvt.atpg
//  Reading DFT Library file ./inputs/from_TEAMaker/library/lib783_i0s_160h_50pp_base_hvt.atpg
//  Finished reading file ./inputs/from_TEAMaker/library/lib783_i0s_160h_50pp_base_hvt.atpg
//      command: read_cell_library ./inputs/from_TEAMaker/library/lib783_i0s_160h_50pp_base_lvt.atpg
//  Reading DFT Library file ./inputs/from_TEAMaker/library/lib783_i0s_160h_50pp_base_lvt.atpg
//  Finished reading file ./inputs/from_TEAMaker/library/lib783_i0s_160h_50pp_base_lvt.atpg
//      command: read_cell_library ./inputs/from_TEAMaker/library/lib783_i0s_160h_50pp_base_svt.atpg
//  Reading DFT Library file ./inputs/from_TEAMaker/library/lib783_i0s_160h_50pp_base_svt.atpg
//  Finished reading file ./inputs/from_TEAMaker/library/lib783_i0s_160h_50pp_base_svt.atpg
//      command: read_cell_library ./inputs/from_TEAMaker/library/lib783_i0s_160h_50pp_base_ulvt.atpg
//  Reading DFT Library file ./inputs/from_TEAMaker/library/lib783_i0s_160h_50pp_base_ulvt.atpg
//  Finished reading file ./inputs/from_TEAMaker/library/lib783_i0s_160h_50pp_base_ulvt.atpg
//      command: read_cell_library ./inputs/from_TEAMaker/library/lib783_i0s_160h_50pp_clk_lvt.atpg
//  Reading DFT Library file ./inputs/from_TEAMaker/library/lib783_i0s_160h_50pp_clk_lvt.atpg
//  Finished reading file ./inputs/from_TEAMaker/library/lib783_i0s_160h_50pp_clk_lvt.atpg
//      command: read_cell_library ./inputs/from_TEAMaker/library/lib783_i0s_160h_50pp_clk_svt.atpg
//  Reading DFT Library file ./inputs/from_TEAMaker/library/lib783_i0s_160h_50pp_clk_svt.atpg
//  Finished reading file ./inputs/from_TEAMaker/library/lib783_i0s_160h_50pp_clk_svt.atpg
//      command: read_cell_library ./inputs/from_TEAMaker/library/lib783_i0s_160h_50pp_clk_ulvt.atpg
//  Reading DFT Library file ./inputs/from_TEAMaker/library/lib783_i0s_160h_50pp_clk_ulvt.atpg
//  Finished reading file ./inputs/from_TEAMaker/library/lib783_i0s_160h_50pp_clk_ulvt.atpg
//      command: read_cell_library ./inputs/from_TEAMaker/library/lib783_i0s_160h_50pp_dsclk_svt.atpg
//  Reading DFT Library file ./inputs/from_TEAMaker/library/lib783_i0s_160h_50pp_dsclk_svt.atpg
//  Finished reading file ./inputs/from_TEAMaker/library/lib783_i0s_160h_50pp_dsclk_svt.atpg
//      command: read_cell_library ./inputs/from_TEAMaker/library/lib783_i0s_160h_50pp_dsedrseq_hvt.atpg
//  Reading DFT Library file ./inputs/from_TEAMaker/library/lib783_i0s_160h_50pp_dsedrseq_hvt.atpg
//  Finished reading file ./inputs/from_TEAMaker/library/lib783_i0s_160h_50pp_dsedrseq_hvt.atpg
//      command: read_cell_library ./inputs/from_TEAMaker/library/lib783_i0s_160h_50pp_dsedrseq_svt.atpg
//  Reading DFT Library file ./inputs/from_TEAMaker/library/lib783_i0s_160h_50pp_dsedrseq_svt.atpg
//  Finished reading file ./inputs/from_TEAMaker/library/lib783_i0s_160h_50pp_dsedrseq_svt.atpg
//      command: read_cell_library ./inputs/from_TEAMaker/library/lib783_i0s_160h_50pp_dsibase_hvt.atpg
//  Reading DFT Library file ./inputs/from_TEAMaker/library/lib783_i0s_160h_50pp_dsibase_hvt.atpg
//  Finished reading file ./inputs/from_TEAMaker/library/lib783_i0s_160h_50pp_dsibase_hvt.atpg
//      command: read_cell_library ./inputs/from_TEAMaker/library/lib783_i0s_160h_50pp_dsibase_lvt.atpg
//  Reading DFT Library file ./inputs/from_TEAMaker/library/lib783_i0s_160h_50pp_dsibase_lvt.atpg
//  Finished reading file ./inputs/from_TEAMaker/library/lib783_i0s_160h_50pp_dsibase_lvt.atpg
//      command: read_cell_library ./inputs/from_TEAMaker/library/lib783_i0s_160h_50pp_dsibase_svt.atpg
//  Reading DFT Library file ./inputs/from_TEAMaker/library/lib783_i0s_160h_50pp_dsibase_svt.atpg
//  Finished reading file ./inputs/from_TEAMaker/library/lib783_i0s_160h_50pp_dsibase_svt.atpg
//      command: read_cell_library ./inputs/from_TEAMaker/library/lib783_i0s_160h_50pp_dsibase_ulvt.atpg
//  Reading DFT Library file ./inputs/from_TEAMaker/library/lib783_i0s_160h_50pp_dsibase_ulvt.atpg
//  Finished reading file ./inputs/from_TEAMaker/library/lib783_i0s_160h_50pp_dsibase_ulvt.atpg
//      command: read_cell_library ./inputs/from_TEAMaker/library/lib783_i0s_160h_50pp_dsiclk_hvt.atpg
//  Reading DFT Library file ./inputs/from_TEAMaker/library/lib783_i0s_160h_50pp_dsiclk_hvt.atpg
//  Finished reading file ./inputs/from_TEAMaker/library/lib783_i0s_160h_50pp_dsiclk_hvt.atpg
//      command: read_cell_library ./inputs/from_TEAMaker/library/lib783_i0s_160h_50pp_dsiclk_lvt.atpg
//  Reading DFT Library file ./inputs/from_TEAMaker/library/lib783_i0s_160h_50pp_dsiclk_lvt.atpg
//  Finished reading file ./inputs/from_TEAMaker/library/lib783_i0s_160h_50pp_dsiclk_lvt.atpg
//      command: read_cell_library ./inputs/from_TEAMaker/library/lib783_i0s_160h_50pp_dsiclk_svt.atpg
//  Reading DFT Library file ./inputs/from_TEAMaker/library/lib783_i0s_160h_50pp_dsiclk_svt.atpg
//  Finished reading file ./inputs/from_TEAMaker/library/lib783_i0s_160h_50pp_dsiclk_svt.atpg
//      command: read_cell_library ./inputs/from_TEAMaker/library/lib783_i0s_160h_50pp_dsiclk_ulvt.atpg
//  Reading DFT Library file ./inputs/from_TEAMaker/library/lib783_i0s_160h_50pp_dsiclk_ulvt.atpg
//  Finished reading file ./inputs/from_TEAMaker/library/lib783_i0s_160h_50pp_dsiclk_ulvt.atpg
//      command: read_cell_library ./inputs/from_TEAMaker/library/lib783_i0s_160h_50pp_dsicore_hvt.atpg
//  Reading DFT Library file ./inputs/from_TEAMaker/library/lib783_i0s_160h_50pp_dsicore_hvt.atpg
//  Finished reading file ./inputs/from_TEAMaker/library/lib783_i0s_160h_50pp_dsicore_hvt.atpg
//      command: read_cell_library ./inputs/from_TEAMaker/library/lib783_i0s_160h_50pp_dsicore_lvt.atpg
//  Reading DFT Library file ./inputs/from_TEAMaker/library/lib783_i0s_160h_50pp_dsicore_lvt.atpg
//  Finished reading file ./inputs/from_TEAMaker/library/lib783_i0s_160h_50pp_dsicore_lvt.atpg
//      command: read_cell_library ./inputs/from_TEAMaker/library/lib783_i0s_160h_50pp_dsicore_svt.atpg
//  Reading DFT Library file ./inputs/from_TEAMaker/library/lib783_i0s_160h_50pp_dsicore_svt.atpg
//  Finished reading file ./inputs/from_TEAMaker/library/lib783_i0s_160h_50pp_dsicore_svt.atpg
//      command: read_cell_library ./inputs/from_TEAMaker/library/lib783_i0s_160h_50pp_dsicore_ulvt.atpg
//  Reading DFT Library file ./inputs/from_TEAMaker/library/lib783_i0s_160h_50pp_dsicore_ulvt.atpg
//  Finished reading file ./inputs/from_TEAMaker/library/lib783_i0s_160h_50pp_dsicore_ulvt.atpg
//      command: read_cell_library ./inputs/from_TEAMaker/library/lib783_i0s_160h_50pp_dsihs_hvt.atpg
//  Reading DFT Library file ./inputs/from_TEAMaker/library/lib783_i0s_160h_50pp_dsihs_hvt.atpg
//  Finished reading file ./inputs/from_TEAMaker/library/lib783_i0s_160h_50pp_dsihs_hvt.atpg
//      command: read_cell_library ./inputs/from_TEAMaker/library/lib783_i0s_160h_50pp_dsihs_lvt.atpg
//  Reading DFT Library file ./inputs/from_TEAMaker/library/lib783_i0s_160h_50pp_dsihs_lvt.atpg
//  Finished reading file ./inputs/from_TEAMaker/library/lib783_i0s_160h_50pp_dsihs_lvt.atpg
//      command: read_cell_library ./inputs/from_TEAMaker/library/lib783_i0s_160h_50pp_dsihs_svt.atpg
//  Reading DFT Library file ./inputs/from_TEAMaker/library/lib783_i0s_160h_50pp_dsihs_svt.atpg
//  Finished reading file ./inputs/from_TEAMaker/library/lib783_i0s_160h_50pp_dsihs_svt.atpg
//      command: read_cell_library ./inputs/from_TEAMaker/library/lib783_i0s_160h_50pp_dsihs_ulvt.atpg
//  Reading DFT Library file ./inputs/from_TEAMaker/library/lib783_i0s_160h_50pp_dsihs_ulvt.atpg
//  Finished reading file ./inputs/from_TEAMaker/library/lib783_i0s_160h_50pp_dsihs_ulvt.atpg
//      command: read_cell_library ./inputs/from_TEAMaker/library/lib783_i0s_160h_50pp_dsilvl_lvt.atpg
//  Reading DFT Library file ./inputs/from_TEAMaker/library/lib783_i0s_160h_50pp_dsilvl_lvt.atpg
//  Finished reading file ./inputs/from_TEAMaker/library/lib783_i0s_160h_50pp_dsilvl_lvt.atpg
//      command: read_cell_library ./inputs/from_TEAMaker/library/lib783_i0s_160h_50pp_dsilvl_svt.atpg
//  Reading DFT Library file ./inputs/from_TEAMaker/library/lib783_i0s_160h_50pp_dsilvl_svt.atpg
//  Finished reading file ./inputs/from_TEAMaker/library/lib783_i0s_160h_50pp_dsilvl_svt.atpg
//      command: read_cell_library ./inputs/from_TEAMaker/library/lib783_i0s_160h_50pp_dsilvl_ulvt.atpg
//  Reading DFT Library file ./inputs/from_TEAMaker/library/lib783_i0s_160h_50pp_dsilvl_ulvt.atpg
//  Finished reading file ./inputs/from_TEAMaker/library/lib783_i0s_160h_50pp_dsilvl_ulvt.atpg
//      command: read_cell_library ./inputs/from_TEAMaker/library/lib783_i0s_160h_50pp_dsiseq_hvt.atpg
//  Reading DFT Library file ./inputs/from_TEAMaker/library/lib783_i0s_160h_50pp_dsiseq_hvt.atpg
//  Finished reading file ./inputs/from_TEAMaker/library/lib783_i0s_160h_50pp_dsiseq_hvt.atpg
//      command: read_cell_library ./inputs/from_TEAMaker/library/lib783_i0s_160h_50pp_dsiseq_lvt.atpg
//  Reading DFT Library file ./inputs/from_TEAMaker/library/lib783_i0s_160h_50pp_dsiseq_lvt.atpg
//  Finished reading file ./inputs/from_TEAMaker/library/lib783_i0s_160h_50pp_dsiseq_lvt.atpg
//      command: read_cell_library ./inputs/from_TEAMaker/library/lib783_i0s_160h_50pp_dsiseq_svt.atpg
//  Reading DFT Library file ./inputs/from_TEAMaker/library/lib783_i0s_160h_50pp_dsiseq_svt.atpg
//  Finished reading file ./inputs/from_TEAMaker/library/lib783_i0s_160h_50pp_dsiseq_svt.atpg
//      command: read_cell_library ./inputs/from_TEAMaker/library/lib783_i0s_160h_50pp_dsiseq_ulvt.atpg
//  Reading DFT Library file ./inputs/from_TEAMaker/library/lib783_i0s_160h_50pp_dsiseq_ulvt.atpg
//  Finished reading file ./inputs/from_TEAMaker/library/lib783_i0s_160h_50pp_dsiseq_ulvt.atpg
//      command: read_cell_library ./inputs/from_TEAMaker/library/lib783_i0s_160h_50pp_dsldrclk_svt.atpg
//  Reading DFT Library file ./inputs/from_TEAMaker/library/lib783_i0s_160h_50pp_dsldrclk_svt.atpg
//  Finished reading file ./inputs/from_TEAMaker/library/lib783_i0s_160h_50pp_dsldrclk_svt.atpg
//      command: read_cell_library ./inputs/from_TEAMaker/library/lib783_i0s_160h_50pp_dsldrseq_hvt.atpg
//  Reading DFT Library file ./inputs/from_TEAMaker/library/lib783_i0s_160h_50pp_dsldrseq_hvt.atpg
//  Finished reading file ./inputs/from_TEAMaker/library/lib783_i0s_160h_50pp_dsldrseq_hvt.atpg
//      command: read_cell_library ./inputs/from_TEAMaker/library/lib783_i0s_160h_50pp_dsldrseq_svt.atpg
//  Reading DFT Library file ./inputs/from_TEAMaker/library/lib783_i0s_160h_50pp_dsldrseq_svt.atpg
//  Finished reading file ./inputs/from_TEAMaker/library/lib783_i0s_160h_50pp_dsldrseq_svt.atpg
//      command: read_cell_library ./inputs/from_TEAMaker/library/lib783_i0s_160h_50pp_dsldrsupclk_svt.atpg
//  Reading DFT Library file ./inputs/from_TEAMaker/library/lib783_i0s_160h_50pp_dsldrsupclk_svt.atpg
//  Finished reading file ./inputs/from_TEAMaker/library/lib783_i0s_160h_50pp_dsldrsupclk_svt.atpg
//      command: read_cell_library ./inputs/from_TEAMaker/library/lib783_i0s_160h_50pp_dsldrsupseq_hvt.atpg
//  Reading DFT Library file ./inputs/from_TEAMaker/library/lib783_i0s_160h_50pp_dsldrsupseq_hvt.atpg
//  Finished reading file ./inputs/from_TEAMaker/library/lib783_i0s_160h_50pp_dsldrsupseq_hvt.atpg
//      command: read_cell_library ./inputs/from_TEAMaker/library/lib783_i0s_160h_50pp_dsldrsupseq_svt.atpg
//  Reading DFT Library file ./inputs/from_TEAMaker/library/lib783_i0s_160h_50pp_dsldrsupseq_svt.atpg
//  Finished reading file ./inputs/from_TEAMaker/library/lib783_i0s_160h_50pp_dsldrsupseq_svt.atpg
//      command: read_cell_library ./inputs/from_TEAMaker/library/lib783_i0s_160h_50pp_dspwm_hvt.atpg
//  Reading DFT Library file ./inputs/from_TEAMaker/library/lib783_i0s_160h_50pp_dspwm_hvt.atpg
//  Finished reading file ./inputs/from_TEAMaker/library/lib783_i0s_160h_50pp_dspwm_hvt.atpg
//      command: read_cell_library ./inputs/from_TEAMaker/library/lib783_i0s_160h_50pp_dspwm_svt.atpg
//  Reading DFT Library file ./inputs/from_TEAMaker/library/lib783_i0s_160h_50pp_dspwm_svt.atpg
//  Finished reading file ./inputs/from_TEAMaker/library/lib783_i0s_160h_50pp_dspwm_svt.atpg
//      command: read_cell_library ./inputs/from_TEAMaker/library/lib783_i0s_160h_50pp_dsseq_hvt.atpg
//  Reading DFT Library file ./inputs/from_TEAMaker/library/lib783_i0s_160h_50pp_dsseq_hvt.atpg
//  Finished reading file ./inputs/from_TEAMaker/library/lib783_i0s_160h_50pp_dsseq_hvt.atpg
//      command: read_cell_library ./inputs/from_TEAMaker/library/lib783_i0s_160h_50pp_dsseq_svt.atpg
//  Reading DFT Library file ./inputs/from_TEAMaker/library/lib783_i0s_160h_50pp_dsseq_svt.atpg
//  Finished reading file ./inputs/from_TEAMaker/library/lib783_i0s_160h_50pp_dsseq_svt.atpg
//      command: read_cell_library ./inputs/from_TEAMaker/library/lib783_i0s_160h_50pp_dssupclk_svt.atpg
//  Reading DFT Library file ./inputs/from_TEAMaker/library/lib783_i0s_160h_50pp_dssupclk_svt.atpg
//  Finished reading file ./inputs/from_TEAMaker/library/lib783_i0s_160h_50pp_dssupclk_svt.atpg
//      command: read_cell_library ./inputs/from_TEAMaker/library/lib783_i0s_160h_50pp_dssupseq_hvt.atpg
//  Reading DFT Library file ./inputs/from_TEAMaker/library/lib783_i0s_160h_50pp_dssupseq_hvt.atpg
//  Finished reading file ./inputs/from_TEAMaker/library/lib783_i0s_160h_50pp_dssupseq_hvt.atpg
//      command: read_cell_library ./inputs/from_TEAMaker/library/lib783_i0s_160h_50pp_dssupseq_svt.atpg
//  Reading DFT Library file ./inputs/from_TEAMaker/library/lib783_i0s_160h_50pp_dssupseq_svt.atpg
//  Finished reading file ./inputs/from_TEAMaker/library/lib783_i0s_160h_50pp_dssupseq_svt.atpg
//      command: read_cell_library ./inputs/from_TEAMaker/library/lib783_i0s_160h_50pp_edrbase_hvt.atpg
//  Reading DFT Library file ./inputs/from_TEAMaker/library/lib783_i0s_160h_50pp_edrbase_hvt.atpg
//  Finished reading file ./inputs/from_TEAMaker/library/lib783_i0s_160h_50pp_edrbase_hvt.atpg
//      command: read_cell_library ./inputs/from_TEAMaker/library/lib783_i0s_160h_50pp_edrbase_lvt.atpg
//  Reading DFT Library file ./inputs/from_TEAMaker/library/lib783_i0s_160h_50pp_edrbase_lvt.atpg
//  Finished reading file ./inputs/from_TEAMaker/library/lib783_i0s_160h_50pp_edrbase_lvt.atpg
//      command: read_cell_library ./inputs/from_TEAMaker/library/lib783_i0s_160h_50pp_edrbase_svt.atpg
//  Reading DFT Library file ./inputs/from_TEAMaker/library/lib783_i0s_160h_50pp_edrbase_svt.atpg
//  Finished reading file ./inputs/from_TEAMaker/library/lib783_i0s_160h_50pp_edrbase_svt.atpg
//      command: read_cell_library ./inputs/from_TEAMaker/library/lib783_i0s_160h_50pp_edrbase_ulvt.atpg
//  Reading DFT Library file ./inputs/from_TEAMaker/library/lib783_i0s_160h_50pp_edrbase_ulvt.atpg
//  Finished reading file ./inputs/from_TEAMaker/library/lib783_i0s_160h_50pp_edrbase_ulvt.atpg
//      command: read_cell_library ./inputs/from_TEAMaker/library/lib783_i0s_160h_50pp_edrclk_lvt.atpg
//  Reading DFT Library file ./inputs/from_TEAMaker/library/lib783_i0s_160h_50pp_edrclk_lvt.atpg
//  Finished reading file ./inputs/from_TEAMaker/library/lib783_i0s_160h_50pp_edrclk_lvt.atpg
//      command: read_cell_library ./inputs/from_TEAMaker/library/lib783_i0s_160h_50pp_edrclk_svt.atpg
//  Reading DFT Library file ./inputs/from_TEAMaker/library/lib783_i0s_160h_50pp_edrclk_svt.atpg
//  Finished reading file ./inputs/from_TEAMaker/library/lib783_i0s_160h_50pp_edrclk_svt.atpg
//      command: read_cell_library ./inputs/from_TEAMaker/library/lib783_i0s_160h_50pp_edrclk_ulvt.atpg
//  Reading DFT Library file ./inputs/from_TEAMaker/library/lib783_i0s_160h_50pp_edrclk_ulvt.atpg
//  Finished reading file ./inputs/from_TEAMaker/library/lib783_i0s_160h_50pp_edrclk_ulvt.atpg
//      command: read_cell_library ./inputs/from_TEAMaker/library/lib783_i0s_160h_50pp_edrlvl_lvt.atpg
//  Reading DFT Library file ./inputs/from_TEAMaker/library/lib783_i0s_160h_50pp_edrlvl_lvt.atpg
//  Finished reading file ./inputs/from_TEAMaker/library/lib783_i0s_160h_50pp_edrlvl_lvt.atpg
//      command: read_cell_library ./inputs/from_TEAMaker/library/lib783_i0s_160h_50pp_edrlvl_svt.atpg
//  Reading DFT Library file ./inputs/from_TEAMaker/library/lib783_i0s_160h_50pp_edrlvl_svt.atpg
//  Finished reading file ./inputs/from_TEAMaker/library/lib783_i0s_160h_50pp_edrlvl_svt.atpg
//      command: read_cell_library ./inputs/from_TEAMaker/library/lib783_i0s_160h_50pp_edrlvl_ulvt.atpg
//  Reading DFT Library file ./inputs/from_TEAMaker/library/lib783_i0s_160h_50pp_edrlvl_ulvt.atpg
//  Finished reading file ./inputs/from_TEAMaker/library/lib783_i0s_160h_50pp_edrlvl_ulvt.atpg
//      command: read_cell_library ./inputs/from_TEAMaker/library/lib783_i0s_160h_50pp_edrseq_hvt.atpg
//  Reading DFT Library file ./inputs/from_TEAMaker/library/lib783_i0s_160h_50pp_edrseq_hvt.atpg
//  Finished reading file ./inputs/from_TEAMaker/library/lib783_i0s_160h_50pp_edrseq_hvt.atpg
//      command: read_cell_library ./inputs/from_TEAMaker/library/lib783_i0s_160h_50pp_edrseq_lvt.atpg
//  Reading DFT Library file ./inputs/from_TEAMaker/library/lib783_i0s_160h_50pp_edrseq_lvt.atpg
//  Finished reading file ./inputs/from_TEAMaker/library/lib783_i0s_160h_50pp_edrseq_lvt.atpg
//      command: read_cell_library ./inputs/from_TEAMaker/library/lib783_i0s_160h_50pp_edrseq_svt.atpg
//  Reading DFT Library file ./inputs/from_TEAMaker/library/lib783_i0s_160h_50pp_edrseq_svt.atpg
//  Finished reading file ./inputs/from_TEAMaker/library/lib783_i0s_160h_50pp_edrseq_svt.atpg
//      command: read_cell_library ./inputs/from_TEAMaker/library/lib783_i0s_160h_50pp_edrseq_ulvt.atpg
//  Reading DFT Library file ./inputs/from_TEAMaker/library/lib783_i0s_160h_50pp_edrseq_ulvt.atpg
//  Finished reading file ./inputs/from_TEAMaker/library/lib783_i0s_160h_50pp_edrseq_ulvt.atpg
//      command: read_cell_library ./inputs/from_TEAMaker/library/lib783_i0s_160h_50pp_edrsupclk_lvt.atpg
//  Reading DFT Library file ./inputs/from_TEAMaker/library/lib783_i0s_160h_50pp_edrsupclk_lvt.atpg
//  Finished reading file ./inputs/from_TEAMaker/library/lib783_i0s_160h_50pp_edrsupclk_lvt.atpg
//      command: read_cell_library ./inputs/from_TEAMaker/library/lib783_i0s_160h_50pp_edrsupclk_svt.atpg
//  Reading DFT Library file ./inputs/from_TEAMaker/library/lib783_i0s_160h_50pp_edrsupclk_svt.atpg
//  Finished reading file ./inputs/from_TEAMaker/library/lib783_i0s_160h_50pp_edrsupclk_svt.atpg
//      command: read_cell_library ./inputs/from_TEAMaker/library/lib783_i0s_160h_50pp_edrsupclk_ulvt.atpg
//  Reading DFT Library file ./inputs/from_TEAMaker/library/lib783_i0s_160h_50pp_edrsupclk_ulvt.atpg
//  Finished reading file ./inputs/from_TEAMaker/library/lib783_i0s_160h_50pp_edrsupclk_ulvt.atpg
//      command: read_cell_library ./inputs/from_TEAMaker/library/lib783_i0s_160h_50pp_ldrbase_hvt.atpg
//  Reading DFT Library file ./inputs/from_TEAMaker/library/lib783_i0s_160h_50pp_ldrbase_hvt.atpg
//  Finished reading file ./inputs/from_TEAMaker/library/lib783_i0s_160h_50pp_ldrbase_hvt.atpg
//      command: read_cell_library ./inputs/from_TEAMaker/library/lib783_i0s_160h_50pp_ldrbase_lvt.atpg
//  Reading DFT Library file ./inputs/from_TEAMaker/library/lib783_i0s_160h_50pp_ldrbase_lvt.atpg
//  Finished reading file ./inputs/from_TEAMaker/library/lib783_i0s_160h_50pp_ldrbase_lvt.atpg
//      command: read_cell_library ./inputs/from_TEAMaker/library/lib783_i0s_160h_50pp_ldrbase_svt.atpg
//  Reading DFT Library file ./inputs/from_TEAMaker/library/lib783_i0s_160h_50pp_ldrbase_svt.atpg
//  Finished reading file ./inputs/from_TEAMaker/library/lib783_i0s_160h_50pp_ldrbase_svt.atpg
//      command: read_cell_library ./inputs/from_TEAMaker/library/lib783_i0s_160h_50pp_ldrbase_ulvt.atpg
//  Reading DFT Library file ./inputs/from_TEAMaker/library/lib783_i0s_160h_50pp_ldrbase_ulvt.atpg
//  Finished reading file ./inputs/from_TEAMaker/library/lib783_i0s_160h_50pp_ldrbase_ulvt.atpg
//      command: read_cell_library ./inputs/from_TEAMaker/library/lib783_i0s_160h_50pp_ldrclk_lvt.atpg
//  Reading DFT Library file ./inputs/from_TEAMaker/library/lib783_i0s_160h_50pp_ldrclk_lvt.atpg
//  Finished reading file ./inputs/from_TEAMaker/library/lib783_i0s_160h_50pp_ldrclk_lvt.atpg
//      command: read_cell_library ./inputs/from_TEAMaker/library/lib783_i0s_160h_50pp_ldrclk_svt.atpg
//  Reading DFT Library file ./inputs/from_TEAMaker/library/lib783_i0s_160h_50pp_ldrclk_svt.atpg
//  Finished reading file ./inputs/from_TEAMaker/library/lib783_i0s_160h_50pp_ldrclk_svt.atpg
//      command: read_cell_library ./inputs/from_TEAMaker/library/lib783_i0s_160h_50pp_ldrclk_ulvt.atpg
//  Reading DFT Library file ./inputs/from_TEAMaker/library/lib783_i0s_160h_50pp_ldrclk_ulvt.atpg
//  Finished reading file ./inputs/from_TEAMaker/library/lib783_i0s_160h_50pp_ldrclk_ulvt.atpg
//      command: read_cell_library ./inputs/from_TEAMaker/library/lib783_i0s_160h_50pp_ldrdsibase_hvt.atpg
//  Reading DFT Library file ./inputs/from_TEAMaker/library/lib783_i0s_160h_50pp_ldrdsibase_hvt.atpg
//  Finished reading file ./inputs/from_TEAMaker/library/lib783_i0s_160h_50pp_ldrdsibase_hvt.atpg
//      command: read_cell_library ./inputs/from_TEAMaker/library/lib783_i0s_160h_50pp_ldrdsibase_lvt.atpg
//  Reading DFT Library file ./inputs/from_TEAMaker/library/lib783_i0s_160h_50pp_ldrdsibase_lvt.atpg
//  Finished reading file ./inputs/from_TEAMaker/library/lib783_i0s_160h_50pp_ldrdsibase_lvt.atpg
//      command: read_cell_library ./inputs/from_TEAMaker/library/lib783_i0s_160h_50pp_ldrdsibase_svt.atpg
//  Reading DFT Library file ./inputs/from_TEAMaker/library/lib783_i0s_160h_50pp_ldrdsibase_svt.atpg
//  Finished reading file ./inputs/from_TEAMaker/library/lib783_i0s_160h_50pp_ldrdsibase_svt.atpg
//      command: read_cell_library ./inputs/from_TEAMaker/library/lib783_i0s_160h_50pp_ldrdsibase_ulvt.atpg
//  Reading DFT Library file ./inputs/from_TEAMaker/library/lib783_i0s_160h_50pp_ldrdsibase_ulvt.atpg
//  Finished reading file ./inputs/from_TEAMaker/library/lib783_i0s_160h_50pp_ldrdsibase_ulvt.atpg
//      command: read_cell_library ./inputs/from_TEAMaker/library/lib783_i0s_160h_50pp_ldrdsiclk_hvt.atpg
//  Reading DFT Library file ./inputs/from_TEAMaker/library/lib783_i0s_160h_50pp_ldrdsiclk_hvt.atpg
//  Finished reading file ./inputs/from_TEAMaker/library/lib783_i0s_160h_50pp_ldrdsiclk_hvt.atpg
//      command: read_cell_library ./inputs/from_TEAMaker/library/lib783_i0s_160h_50pp_ldrdsiclk_lvt.atpg
//  Reading DFT Library file ./inputs/from_TEAMaker/library/lib783_i0s_160h_50pp_ldrdsiclk_lvt.atpg
//  Finished reading file ./inputs/from_TEAMaker/library/lib783_i0s_160h_50pp_ldrdsiclk_lvt.atpg
//      command: read_cell_library ./inputs/from_TEAMaker/library/lib783_i0s_160h_50pp_ldrdsiclk_svt.atpg
//  Reading DFT Library file ./inputs/from_TEAMaker/library/lib783_i0s_160h_50pp_ldrdsiclk_svt.atpg
//  Finished reading file ./inputs/from_TEAMaker/library/lib783_i0s_160h_50pp_ldrdsiclk_svt.atpg
//      command: read_cell_library ./inputs/from_TEAMaker/library/lib783_i0s_160h_50pp_ldrdsiclk_ulvt.atpg
//  Reading DFT Library file ./inputs/from_TEAMaker/library/lib783_i0s_160h_50pp_ldrdsiclk_ulvt.atpg
//  Finished reading file ./inputs/from_TEAMaker/library/lib783_i0s_160h_50pp_ldrdsiclk_ulvt.atpg
//      command: read_cell_library ./inputs/from_TEAMaker/library/lib783_i0s_160h_50pp_ldrdsicore_hvt.atpg
//  Reading DFT Library file ./inputs/from_TEAMaker/library/lib783_i0s_160h_50pp_ldrdsicore_hvt.atpg
//  Finished reading file ./inputs/from_TEAMaker/library/lib783_i0s_160h_50pp_ldrdsicore_hvt.atpg
//      command: read_cell_library ./inputs/from_TEAMaker/library/lib783_i0s_160h_50pp_ldrdsicore_lvt.atpg
//  Reading DFT Library file ./inputs/from_TEAMaker/library/lib783_i0s_160h_50pp_ldrdsicore_lvt.atpg
//  Finished reading file ./inputs/from_TEAMaker/library/lib783_i0s_160h_50pp_ldrdsicore_lvt.atpg
//      command: read_cell_library ./inputs/from_TEAMaker/library/lib783_i0s_160h_50pp_ldrdsicore_svt.atpg
//  Reading DFT Library file ./inputs/from_TEAMaker/library/lib783_i0s_160h_50pp_ldrdsicore_svt.atpg
//  Finished reading file ./inputs/from_TEAMaker/library/lib783_i0s_160h_50pp_ldrdsicore_svt.atpg
//      command: read_cell_library ./inputs/from_TEAMaker/library/lib783_i0s_160h_50pp_ldrdsicore_ulvt.atpg
//  Reading DFT Library file ./inputs/from_TEAMaker/library/lib783_i0s_160h_50pp_ldrdsicore_ulvt.atpg
//  Finished reading file ./inputs/from_TEAMaker/library/lib783_i0s_160h_50pp_ldrdsicore_ulvt.atpg
//      command: read_cell_library ./inputs/from_TEAMaker/library/lib783_i0s_160h_50pp_ldrdsiseq_hvt.atpg
//  Reading DFT Library file ./inputs/from_TEAMaker/library/lib783_i0s_160h_50pp_ldrdsiseq_hvt.atpg
//  Finished reading file ./inputs/from_TEAMaker/library/lib783_i0s_160h_50pp_ldrdsiseq_hvt.atpg
//      command: read_cell_library ./inputs/from_TEAMaker/library/lib783_i0s_160h_50pp_ldrdsiseq_lvt.atpg
//  Reading DFT Library file ./inputs/from_TEAMaker/library/lib783_i0s_160h_50pp_ldrdsiseq_lvt.atpg
//  Finished reading file ./inputs/from_TEAMaker/library/lib783_i0s_160h_50pp_ldrdsiseq_lvt.atpg
//      command: read_cell_library ./inputs/from_TEAMaker/library/lib783_i0s_160h_50pp_ldrdsiseq_svt.atpg
//  Reading DFT Library file ./inputs/from_TEAMaker/library/lib783_i0s_160h_50pp_ldrdsiseq_svt.atpg
//  Finished reading file ./inputs/from_TEAMaker/library/lib783_i0s_160h_50pp_ldrdsiseq_svt.atpg
//      command: read_cell_library ./inputs/from_TEAMaker/library/lib783_i0s_160h_50pp_ldrdsiseq_ulvt.atpg
//  Reading DFT Library file ./inputs/from_TEAMaker/library/lib783_i0s_160h_50pp_ldrdsiseq_ulvt.atpg
//  Finished reading file ./inputs/from_TEAMaker/library/lib783_i0s_160h_50pp_ldrdsiseq_ulvt.atpg
//      command: read_cell_library ./inputs/from_TEAMaker/library/lib783_i0s_160h_50pp_ldrseq_hvt.atpg
//  Reading DFT Library file ./inputs/from_TEAMaker/library/lib783_i0s_160h_50pp_ldrseq_hvt.atpg
//  Finished reading file ./inputs/from_TEAMaker/library/lib783_i0s_160h_50pp_ldrseq_hvt.atpg
//      command: read_cell_library ./inputs/from_TEAMaker/library/lib783_i0s_160h_50pp_ldrseq_lvt.atpg
//  Reading DFT Library file ./inputs/from_TEAMaker/library/lib783_i0s_160h_50pp_ldrseq_lvt.atpg
//  Finished reading file ./inputs/from_TEAMaker/library/lib783_i0s_160h_50pp_ldrseq_lvt.atpg
//      command: read_cell_library ./inputs/from_TEAMaker/library/lib783_i0s_160h_50pp_ldrseq_svt.atpg
//  Reading DFT Library file ./inputs/from_TEAMaker/library/lib783_i0s_160h_50pp_ldrseq_svt.atpg
//  Finished reading file ./inputs/from_TEAMaker/library/lib783_i0s_160h_50pp_ldrseq_svt.atpg
//      command: read_cell_library ./inputs/from_TEAMaker/library/lib783_i0s_160h_50pp_ldrseq_ulvt.atpg
//  Reading DFT Library file ./inputs/from_TEAMaker/library/lib783_i0s_160h_50pp_ldrseq_ulvt.atpg
//  Finished reading file ./inputs/from_TEAMaker/library/lib783_i0s_160h_50pp_ldrseq_ulvt.atpg
//      command: read_cell_library ./inputs/from_TEAMaker/library/lib783_i0s_160h_50pp_ldrsupbase_hvt.atpg
//  Reading DFT Library file ./inputs/from_TEAMaker/library/lib783_i0s_160h_50pp_ldrsupbase_hvt.atpg
//  Finished reading file ./inputs/from_TEAMaker/library/lib783_i0s_160h_50pp_ldrsupbase_hvt.atpg
//      command: read_cell_library ./inputs/from_TEAMaker/library/lib783_i0s_160h_50pp_ldrsupbase_lvt.atpg
//  Reading DFT Library file ./inputs/from_TEAMaker/library/lib783_i0s_160h_50pp_ldrsupbase_lvt.atpg
//  Finished reading file ./inputs/from_TEAMaker/library/lib783_i0s_160h_50pp_ldrsupbase_lvt.atpg
//      command: read_cell_library ./inputs/from_TEAMaker/library/lib783_i0s_160h_50pp_ldrsupbase_svt.atpg
//  Reading DFT Library file ./inputs/from_TEAMaker/library/lib783_i0s_160h_50pp_ldrsupbase_svt.atpg
//  Finished reading file ./inputs/from_TEAMaker/library/lib783_i0s_160h_50pp_ldrsupbase_svt.atpg
//      command: read_cell_library ./inputs/from_TEAMaker/library/lib783_i0s_160h_50pp_ldrsupbase_ulvt.atpg
//  Reading DFT Library file ./inputs/from_TEAMaker/library/lib783_i0s_160h_50pp_ldrsupbase_ulvt.atpg
//  Finished reading file ./inputs/from_TEAMaker/library/lib783_i0s_160h_50pp_ldrsupbase_ulvt.atpg
//      command: read_cell_library ./inputs/from_TEAMaker/library/lib783_i0s_160h_50pp_ldrsupclk_lvt.atpg
//  Reading DFT Library file ./inputs/from_TEAMaker/library/lib783_i0s_160h_50pp_ldrsupclk_lvt.atpg
//  Finished reading file ./inputs/from_TEAMaker/library/lib783_i0s_160h_50pp_ldrsupclk_lvt.atpg
//      command: read_cell_library ./inputs/from_TEAMaker/library/lib783_i0s_160h_50pp_ldrsupclk_svt.atpg
//  Reading DFT Library file ./inputs/from_TEAMaker/library/lib783_i0s_160h_50pp_ldrsupclk_svt.atpg
//  Finished reading file ./inputs/from_TEAMaker/library/lib783_i0s_160h_50pp_ldrsupclk_svt.atpg
//      command: read_cell_library ./inputs/from_TEAMaker/library/lib783_i0s_160h_50pp_ldrsupclk_ulvt.atpg
//  Reading DFT Library file ./inputs/from_TEAMaker/library/lib783_i0s_160h_50pp_ldrsupclk_ulvt.atpg
//  Finished reading file ./inputs/from_TEAMaker/library/lib783_i0s_160h_50pp_ldrsupclk_ulvt.atpg
//      command: read_cell_library ./inputs/from_TEAMaker/library/lib783_i0s_160h_50pp_ldrsupseq_hvt.atpg
//  Reading DFT Library file ./inputs/from_TEAMaker/library/lib783_i0s_160h_50pp_ldrsupseq_hvt.atpg
//  Finished reading file ./inputs/from_TEAMaker/library/lib783_i0s_160h_50pp_ldrsupseq_hvt.atpg
//      command: read_cell_library ./inputs/from_TEAMaker/library/lib783_i0s_160h_50pp_ldrsupseq_lvt.atpg
//  Reading DFT Library file ./inputs/from_TEAMaker/library/lib783_i0s_160h_50pp_ldrsupseq_lvt.atpg
//  Finished reading file ./inputs/from_TEAMaker/library/lib783_i0s_160h_50pp_ldrsupseq_lvt.atpg
//      command: read_cell_library ./inputs/from_TEAMaker/library/lib783_i0s_160h_50pp_ldrsupseq_svt.atpg
//  Reading DFT Library file ./inputs/from_TEAMaker/library/lib783_i0s_160h_50pp_ldrsupseq_svt.atpg
//  Finished reading file ./inputs/from_TEAMaker/library/lib783_i0s_160h_50pp_ldrsupseq_svt.atpg
//      command: read_cell_library ./inputs/from_TEAMaker/library/lib783_i0s_160h_50pp_ldrsupseq_ulvt.atpg
//  Reading DFT Library file ./inputs/from_TEAMaker/library/lib783_i0s_160h_50pp_ldrsupseq_ulvt.atpg
//  Finished reading file ./inputs/from_TEAMaker/library/lib783_i0s_160h_50pp_ldrsupseq_ulvt.atpg
//      command: read_cell_library ./inputs/from_TEAMaker/library/lib783_i0s_160h_50pp_lvl_lvt.atpg
//  Reading DFT Library file ./inputs/from_TEAMaker/library/lib783_i0s_160h_50pp_lvl_lvt.atpg
//  Finished reading file ./inputs/from_TEAMaker/library/lib783_i0s_160h_50pp_lvl_lvt.atpg
//      command: read_cell_library ./inputs/from_TEAMaker/library/lib783_i0s_160h_50pp_lvl_svt.atpg
//  Reading DFT Library file ./inputs/from_TEAMaker/library/lib783_i0s_160h_50pp_lvl_svt.atpg
//  Finished reading file ./inputs/from_TEAMaker/library/lib783_i0s_160h_50pp_lvl_svt.atpg
//      command: read_cell_library ./inputs/from_TEAMaker/library/lib783_i0s_160h_50pp_lvl_ulvt.atpg
//  Reading DFT Library file ./inputs/from_TEAMaker/library/lib783_i0s_160h_50pp_lvl_ulvt.atpg
//  Finished reading file ./inputs/from_TEAMaker/library/lib783_i0s_160h_50pp_lvl_ulvt.atpg
//      command: read_cell_library ./inputs/from_TEAMaker/library/lib783_i0s_160h_50pp_pwm_hvt.atpg
//  Reading DFT Library file ./inputs/from_TEAMaker/library/lib783_i0s_160h_50pp_pwm_hvt.atpg
//  Finished reading file ./inputs/from_TEAMaker/library/lib783_i0s_160h_50pp_pwm_hvt.atpg
//      command: read_cell_library ./inputs/from_TEAMaker/library/lib783_i0s_160h_50pp_pwm_lvt.atpg
//  Reading DFT Library file ./inputs/from_TEAMaker/library/lib783_i0s_160h_50pp_pwm_lvt.atpg
//  Finished reading file ./inputs/from_TEAMaker/library/lib783_i0s_160h_50pp_pwm_lvt.atpg
//      command: read_cell_library ./inputs/from_TEAMaker/library/lib783_i0s_160h_50pp_pwm_svt.atpg
//  Reading DFT Library file ./inputs/from_TEAMaker/library/lib783_i0s_160h_50pp_pwm_svt.atpg
//  Finished reading file ./inputs/from_TEAMaker/library/lib783_i0s_160h_50pp_pwm_svt.atpg
//      command: read_cell_library ./inputs/from_TEAMaker/library/lib783_i0s_160h_50pp_pwm_ulvt.atpg
//  Reading DFT Library file ./inputs/from_TEAMaker/library/lib783_i0s_160h_50pp_pwm_ulvt.atpg
//  Finished reading file ./inputs/from_TEAMaker/library/lib783_i0s_160h_50pp_pwm_ulvt.atpg
//      command: read_cell_library ./inputs/from_TEAMaker/library/lib783_i0s_160h_50pp_seq_hvt.atpg
//  Reading DFT Library file ./inputs/from_TEAMaker/library/lib783_i0s_160h_50pp_seq_hvt.atpg
//  Finished reading file ./inputs/from_TEAMaker/library/lib783_i0s_160h_50pp_seq_hvt.atpg
//      command: read_cell_library ./inputs/from_TEAMaker/library/lib783_i0s_160h_50pp_seq_lvt.atpg
//  Reading DFT Library file ./inputs/from_TEAMaker/library/lib783_i0s_160h_50pp_seq_lvt.atpg
//  Finished reading file ./inputs/from_TEAMaker/library/lib783_i0s_160h_50pp_seq_lvt.atpg
//      command: read_cell_library ./inputs/from_TEAMaker/library/lib783_i0s_160h_50pp_seq_svt.atpg
//  Reading DFT Library file ./inputs/from_TEAMaker/library/lib783_i0s_160h_50pp_seq_svt.atpg
//  Finished reading file ./inputs/from_TEAMaker/library/lib783_i0s_160h_50pp_seq_svt.atpg
//      command: read_cell_library ./inputs/from_TEAMaker/library/lib783_i0s_160h_50pp_seq_ulvt.atpg
//  Reading DFT Library file ./inputs/from_TEAMaker/library/lib783_i0s_160h_50pp_seq_ulvt.atpg
//  Finished reading file ./inputs/from_TEAMaker/library/lib783_i0s_160h_50pp_seq_ulvt.atpg
//      command: read_cell_library ./inputs/from_TEAMaker/library/lib783_i0s_160h_50pp_spcl_hvt.atpg
//  Reading DFT Library file ./inputs/from_TEAMaker/library/lib783_i0s_160h_50pp_spcl_hvt.atpg
//  Finished reading file ./inputs/from_TEAMaker/library/lib783_i0s_160h_50pp_spcl_hvt.atpg
//      command: read_cell_library ./inputs/from_TEAMaker/library/lib783_i0s_160h_50pp_spcl_lvt.atpg
//  Reading DFT Library file ./inputs/from_TEAMaker/library/lib783_i0s_160h_50pp_spcl_lvt.atpg
//  Finished reading file ./inputs/from_TEAMaker/library/lib783_i0s_160h_50pp_spcl_lvt.atpg
//      command: read_cell_library ./inputs/from_TEAMaker/library/lib783_i0s_160h_50pp_spcl_svt.atpg
//  Reading DFT Library file ./inputs/from_TEAMaker/library/lib783_i0s_160h_50pp_spcl_svt.atpg
//  Finished reading file ./inputs/from_TEAMaker/library/lib783_i0s_160h_50pp_spcl_svt.atpg
//      command: read_cell_library ./inputs/from_TEAMaker/library/lib783_i0s_160h_50pp_spcl_ulvt.atpg
//  Reading DFT Library file ./inputs/from_TEAMaker/library/lib783_i0s_160h_50pp_spcl_ulvt.atpg
//  Finished reading file ./inputs/from_TEAMaker/library/lib783_i0s_160h_50pp_spcl_ulvt.atpg
//      command: read_cell_library ./inputs/from_TEAMaker/library/lib783_i0s_160h_50pp_supbase_hvt.atpg
//  Reading DFT Library file ./inputs/from_TEAMaker/library/lib783_i0s_160h_50pp_supbase_hvt.atpg
//  Finished reading file ./inputs/from_TEAMaker/library/lib783_i0s_160h_50pp_supbase_hvt.atpg
//      command: read_cell_library ./inputs/from_TEAMaker/library/lib783_i0s_160h_50pp_supbase_lvt.atpg
//  Reading DFT Library file ./inputs/from_TEAMaker/library/lib783_i0s_160h_50pp_supbase_lvt.atpg
//  Finished reading file ./inputs/from_TEAMaker/library/lib783_i0s_160h_50pp_supbase_lvt.atpg
//      command: read_cell_library ./inputs/from_TEAMaker/library/lib783_i0s_160h_50pp_supbase_svt.atpg
//  Reading DFT Library file ./inputs/from_TEAMaker/library/lib783_i0s_160h_50pp_supbase_svt.atpg
//  Finished reading file ./inputs/from_TEAMaker/library/lib783_i0s_160h_50pp_supbase_svt.atpg
//      command: read_cell_library ./inputs/from_TEAMaker/library/lib783_i0s_160h_50pp_supbase_ulvt.atpg
//  Reading DFT Library file ./inputs/from_TEAMaker/library/lib783_i0s_160h_50pp_supbase_ulvt.atpg
//  Finished reading file ./inputs/from_TEAMaker/library/lib783_i0s_160h_50pp_supbase_ulvt.atpg
//      command: read_cell_library ./inputs/from_TEAMaker/library/lib783_i0s_160h_50pp_supclk_lvt.atpg
//  Reading DFT Library file ./inputs/from_TEAMaker/library/lib783_i0s_160h_50pp_supclk_lvt.atpg
//  Finished reading file ./inputs/from_TEAMaker/library/lib783_i0s_160h_50pp_supclk_lvt.atpg
//      command: read_cell_library ./inputs/from_TEAMaker/library/lib783_i0s_160h_50pp_supclk_svt.atpg
//  Reading DFT Library file ./inputs/from_TEAMaker/library/lib783_i0s_160h_50pp_supclk_svt.atpg
//  Finished reading file ./inputs/from_TEAMaker/library/lib783_i0s_160h_50pp_supclk_svt.atpg
//      command: read_cell_library ./inputs/from_TEAMaker/library/lib783_i0s_160h_50pp_supclk_ulvt.atpg
//  Reading DFT Library file ./inputs/from_TEAMaker/library/lib783_i0s_160h_50pp_supclk_ulvt.atpg
//  Finished reading file ./inputs/from_TEAMaker/library/lib783_i0s_160h_50pp_supclk_ulvt.atpg
//      command: read_cell_library ./inputs/from_TEAMaker/library/lib783_i0s_160h_50pp_supseq_hvt.atpg
//  Reading DFT Library file ./inputs/from_TEAMaker/library/lib783_i0s_160h_50pp_supseq_hvt.atpg
//  Finished reading file ./inputs/from_TEAMaker/library/lib783_i0s_160h_50pp_supseq_hvt.atpg
//      command: read_cell_library ./inputs/from_TEAMaker/library/lib783_i0s_160h_50pp_supseq_lvt.atpg
//  Reading DFT Library file ./inputs/from_TEAMaker/library/lib783_i0s_160h_50pp_supseq_lvt.atpg
//  Finished reading file ./inputs/from_TEAMaker/library/lib783_i0s_160h_50pp_supseq_lvt.atpg
//      command: read_cell_library ./inputs/from_TEAMaker/library/lib783_i0s_160h_50pp_supseq_svt.atpg
//  Reading DFT Library file ./inputs/from_TEAMaker/library/lib783_i0s_160h_50pp_supseq_svt.atpg
//  Finished reading file ./inputs/from_TEAMaker/library/lib783_i0s_160h_50pp_supseq_svt.atpg
//      command: read_cell_library ./inputs/from_TEAMaker/library/lib783_i0s_160h_50pp_supseq_ulvt.atpg
//  Reading DFT Library file ./inputs/from_TEAMaker/library/lib783_i0s_160h_50pp_supseq_ulvt.atpg
//  Finished reading file ./inputs/from_TEAMaker/library/lib783_i0s_160h_50pp_supseq_ulvt.atpg
//      command: read_cell_library ./inputs/from_TEAMaker/library/lib783_i0s_160h_50pp_supspcl_hvt.atpg
//  Reading DFT Library file ./inputs/from_TEAMaker/library/lib783_i0s_160h_50pp_supspcl_hvt.atpg
//  Finished reading file ./inputs/from_TEAMaker/library/lib783_i0s_160h_50pp_supspcl_hvt.atpg
//      command: read_cell_library ./inputs/from_TEAMaker/library/lib783_i0s_160h_50pp_supspcl_lvt.atpg
//  Reading DFT Library file ./inputs/from_TEAMaker/library/lib783_i0s_160h_50pp_supspcl_lvt.atpg
//  Finished reading file ./inputs/from_TEAMaker/library/lib783_i0s_160h_50pp_supspcl_lvt.atpg
//      command: read_cell_library ./inputs/from_TEAMaker/library/lib783_i0s_160h_50pp_supspcl_svt.atpg
//  Reading DFT Library file ./inputs/from_TEAMaker/library/lib783_i0s_160h_50pp_supspcl_svt.atpg
//  Finished reading file ./inputs/from_TEAMaker/library/lib783_i0s_160h_50pp_supspcl_svt.atpg
//      command: read_cell_library ./inputs/from_TEAMaker/library/lib783_i0s_160h_50pp_supspcl_ulvt.atpg
//  Reading DFT Library file ./inputs/from_TEAMaker/library/lib783_i0s_160h_50pp_supspcl_ulvt.atpg
//  Finished reading file ./inputs/from_TEAMaker/library/lib783_i0s_160h_50pp_supspcl_ulvt.atpg
//    command: set_design_sources -format tcd_memory -y ./inputs/from_IP/mbist_libraries -extension lvlib
//    command: set_module_matching_options -prefix_pattern_list "firebird7_in_" -suffix_pattern_list "_(\[0-9\])*" -regexp
//    command: read_design firebird7_in -design_identifier gate2
//    command: set_current_design firebird7_in
//  Warning: 24 cell library models contained a total of 24 internal floating nets.
//           To see detailed messages per model, issue 'set_cell_library_options -report_floating_nets on'
//           before issuing 'read_cell_library'.
//  Note: Pin 'enb1' has pin function 'func_enable' instead of 'data_in'.
//        Will not treat as cell of type 'nor'
//        In model 'i0sclbno3aa1n06x5', file './inputs/from_TEAMaker/library/lib783_i0s_160h_50pp_dsiclk_ulvt.atpg', line 3230.
//  Note: Pin 'enb1' has pin function 'func_enable' instead of 'data_in'.
//        Will not treat as cell of type 'nor'
//        In model 'i0sclbno3aa1n04x5', file './inputs/from_TEAMaker/library/lib783_i0s_160h_50pp_dsiclk_ulvt.atpg', line 3214.
//  Note: Pin 'enb1' has pin function 'func_enable' instead of 'data_in'.
//        Will not treat as cell of type 'nor'
//        In model 'i0sclbno3aa1n03x5', file './inputs/from_TEAMaker/library/lib783_i0s_160h_50pp_dsiclk_ulvt.atpg', line 3198.
//  Note: Pin 'enb1' has pin function 'func_enable' instead of 'data_in'.
//        Will not treat as cell of type 'nor'
//        In model 'i0sclbno3aa1n02x5', file './inputs/from_TEAMaker/library/lib783_i0s_160h_50pp_dsiclk_ulvt.atpg', line 3182.
//  Note: Pin 'enb1' has pin function 'func_enable' instead of 'data_in'.
//        Will not treat as cell of type 'nor'
//        In model 'i0sclbno3aa1d09x5', file './inputs/from_TEAMaker/library/lib783_i0s_160h_50pp_dsiclk_ulvt.atpg', line 3166.
//  Note: Pin 'en1' has pin function 'func_enable' instead of 'data_in'.
//        Will not treat as cell of type 'nand'
//        In model 'i0sclbna3aa1n09x5', file './inputs/from_TEAMaker/library/lib783_i0s_160h_50pp_dsiclk_ulvt.atpg', line 3150.
//  Note: Pin 'en1' has pin function 'func_enable' instead of 'data_in'.
//        Will not treat as cell of type 'nand'
//        In model 'i0sclbna3aa1n06x5', file './inputs/from_TEAMaker/library/lib783_i0s_160h_50pp_dsiclk_ulvt.atpg', line 3134.
//  Note: Pin 'en1' has pin function 'func_enable' instead of 'data_in'.
//        Will not treat as cell of type 'nand'
//        In model 'i0sclbna3aa1n04x5', file './inputs/from_TEAMaker/library/lib783_i0s_160h_50pp_dsiclk_ulvt.atpg', line 3118.
//  Note: Pin 'en1' has pin function 'func_enable' instead of 'data_in'.
//        Will not treat as cell of type 'nand'
//        In model 'i0sclbna3aa1n03x5', file './inputs/from_TEAMaker/library/lib783_i0s_160h_50pp_dsiclk_ulvt.atpg', line 3102.
//  Note: Pin 'en1' has pin function 'func_enable' instead of 'data_in'.
//        Will not treat as cell of type 'nand'
//        In model 'i0sclbna3aa1n02x5', file './inputs/from_TEAMaker/library/lib783_i0s_160h_50pp_dsiclk_ulvt.atpg', line 3086.
//  Note: Pin 'en1' has pin function 'func_enable' instead of 'data_in'.
//        Will not treat as cell of type 'nand'
//        In model 'i0sclbna3aa1d12x5', file './inputs/from_TEAMaker/library/lib783_i0s_160h_50pp_dsiclk_ulvt.atpg', line 3070.
//  Note: Pin 'enb1' has pin function 'func_enable' instead of 'data_in'.
//        Will not treat as cell of type 'nor'
//        In model 'i0sclbno3ac1n06x5', file './inputs/from_TEAMaker/library/lib783_i0s_160h_50pp_dsiclk_svt.atpg', line 3230.
//  Note: Pin 'enb1' has pin function 'func_enable' instead of 'data_in'.
//        Will not treat as cell of type 'nor'
//        In model 'i0sclbno3ac1n04x5', file './inputs/from_TEAMaker/library/lib783_i0s_160h_50pp_dsiclk_svt.atpg', line 3214.
//  Note: Pin 'enb1' has pin function 'func_enable' instead of 'data_in'.
//        Will not treat as cell of type 'nor'
//        In model 'i0sclbno3ac1n03x5', file './inputs/from_TEAMaker/library/lib783_i0s_160h_50pp_dsiclk_svt.atpg', line 3198.
//  Note: Pin 'enb1' has pin function 'func_enable' instead of 'data_in'.
//        Will not treat as cell of type 'nor'
//        In model 'i0sclbno3ac1n02x5', file './inputs/from_TEAMaker/library/lib783_i0s_160h_50pp_dsiclk_svt.atpg', line 3182.
//  Note: Pin 'enb1' has pin function 'func_enable' instead of 'data_in'.
//        Will not treat as cell of type 'nor'
//        In model 'i0sclbno3ac1d09x5', file './inputs/from_TEAMaker/library/lib783_i0s_160h_50pp_dsiclk_svt.atpg', line 3166.
//  Note: Pin 'en1' has pin function 'func_enable' instead of 'data_in'.
//        Will not treat as cell of type 'nand'
//        In model 'i0sclbna3ac1n09x5', file './inputs/from_TEAMaker/library/lib783_i0s_160h_50pp_dsiclk_svt.atpg', line 3150.
//  Note: Pin 'en1' has pin function 'func_enable' instead of 'data_in'.
//        Will not treat as cell of type 'nand'
//        In model 'i0sclbna3ac1n06x5', file './inputs/from_TEAMaker/library/lib783_i0s_160h_50pp_dsiclk_svt.atpg', line 3134.
//  Note: Pin 'en1' has pin function 'func_enable' instead of 'data_in'.
//        Will not treat as cell of type 'nand'
//        In model 'i0sclbna3ac1n04x5', file './inputs/from_TEAMaker/library/lib783_i0s_160h_50pp_dsiclk_svt.atpg', line 3118.
//  Note: Pin 'en1' has pin function 'func_enable' instead of 'data_in'.
//        Will not treat as cell of type 'nand'
//        In model 'i0sclbna3ac1n03x5', file './inputs/from_TEAMaker/library/lib783_i0s_160h_50pp_dsiclk_svt.atpg', line 3102.
//  Note: Pin 'en1' has pin function 'func_enable' instead of 'data_in'.
//        Will not treat as cell of type 'nand'
//        In model 'i0sclbna3ac1n02x5', file './inputs/from_TEAMaker/library/lib783_i0s_160h_50pp_dsiclk_svt.atpg', line 3086.
//  Note: Pin 'en1' has pin function 'func_enable' instead of 'data_in'.
//        Will not treat as cell of type 'nand'
//        In model 'i0sclbna3ac1d12x5', file './inputs/from_TEAMaker/library/lib783_i0s_160h_50pp_dsiclk_svt.atpg', line 3070.
//  Note: Pin 'enb1' has pin function 'func_enable' instead of 'data_in'.
//        Will not treat as cell of type 'nor'
//        In model 'i0sclbno3ab1n06x5', file './inputs/from_TEAMaker/library/lib783_i0s_160h_50pp_dsiclk_lvt.atpg', line 3230.
//  Note: Pin 'enb1' has pin function 'func_enable' instead of 'data_in'.
//        Will not treat as cell of type 'nor'
//        In model 'i0sclbno3ab1n04x5', file './inputs/from_TEAMaker/library/lib783_i0s_160h_50pp_dsiclk_lvt.atpg', line 3214.
//  Note: Pin 'enb1' has pin function 'func_enable' instead of 'data_in'.
//        Will not treat as cell of type 'nor'
//        In model 'i0sclbno3ab1n03x5', file './inputs/from_TEAMaker/library/lib783_i0s_160h_50pp_dsiclk_lvt.atpg', line 3198.
//  Note: Pin 'enb1' has pin function 'func_enable' instead of 'data_in'.
//        Will not treat as cell of type 'nor'
//        In model 'i0sclbno3ab1n02x5', file './inputs/from_TEAMaker/library/lib783_i0s_160h_50pp_dsiclk_lvt.atpg', line 3182.
//  Note: Pin 'enb1' has pin function 'func_enable' instead of 'data_in'.
//        Will not treat as cell of type 'nor'
//        In model 'i0sclbno3ab1d09x5', file './inputs/from_TEAMaker/library/lib783_i0s_160h_50pp_dsiclk_lvt.atpg', line 3166.
//  Note: Pin 'en1' has pin function 'func_enable' instead of 'data_in'.
//        Will not treat as cell of type 'nand'
//        In model 'i0sclbna3ab1n09x5', file './inputs/from_TEAMaker/library/lib783_i0s_160h_50pp_dsiclk_lvt.atpg', line 3150.
//  Note: Pin 'en1' has pin function 'func_enable' instead of 'data_in'.
//        Will not treat as cell of type 'nand'
//        In model 'i0sclbna3ab1n06x5', file './inputs/from_TEAMaker/library/lib783_i0s_160h_50pp_dsiclk_lvt.atpg', line 3134.
//  Note: Pin 'en1' has pin function 'func_enable' instead of 'data_in'.
//        Will not treat as cell of type 'nand'
//        In model 'i0sclbna3ab1n04x5', file './inputs/from_TEAMaker/library/lib783_i0s_160h_50pp_dsiclk_lvt.atpg', line 3118.
//  Note: Pin 'en1' has pin function 'func_enable' instead of 'data_in'.
//        Will not treat as cell of type 'nand'
//        In model 'i0sclbna3ab1n03x5', file './inputs/from_TEAMaker/library/lib783_i0s_160h_50pp_dsiclk_lvt.atpg', line 3102.
//  Note: Pin 'en1' has pin function 'func_enable' instead of 'data_in'.
//        Will not treat as cell of type 'nand'
//        In model 'i0sclbna3ab1n02x5', file './inputs/from_TEAMaker/library/lib783_i0s_160h_50pp_dsiclk_lvt.atpg', line 3086.
//  Note: Pin 'en1' has pin function 'func_enable' instead of 'data_in'.
//        Will not treat as cell of type 'nand'
//        In model 'i0sclbna3ab1d12x5', file './inputs/from_TEAMaker/library/lib783_i0s_160h_50pp_dsiclk_lvt.atpg', line 3070.
//  Warning: Model 'i0slszao3ad1d02x5' contains no single ported _dff or _dlat within (all hierarchy).
//           This model may cause chain stitching or scan chain DRC violations if used in a scan chain.
//           Model from line 10697 file './inputs/from_TEAMaker/library/lib783_i0s_160h_50pp_dsiseq_hvt.atpg'.
//  Warning: Model 'i0slszao3ad1d03x5' contains no single ported _dff or _dlat within (all hierarchy).
//           This model may cause chain stitching or scan chain DRC violations if used in a scan chain.
//           Model from line 10723 file './inputs/from_TEAMaker/library/lib783_i0s_160h_50pp_dsiseq_hvt.atpg'.
//  Warning: Model 'i0slszao3ad1d06x5' contains no single ported _dff or _dlat within (all hierarchy).
//           This model may cause chain stitching or scan chain DRC violations if used in a scan chain.
//           Model from line 10749 file './inputs/from_TEAMaker/library/lib783_i0s_160h_50pp_dsiseq_hvt.atpg'.
//  Warning: Model 'i0slszao3ad1d12x5' contains no single ported _dff or _dlat within (all hierarchy).
//           This model may cause chain stitching or scan chain DRC violations if used in a scan chain.
//           Model from line 10775 file './inputs/from_TEAMaker/library/lib783_i0s_160h_50pp_dsiseq_hvt.atpg'.
//  Warning: Model 'i0slszao4ad1d02x5' contains no single ported _dff or _dlat within (all hierarchy).
//           This model may cause chain stitching or scan chain DRC violations if used in a scan chain.
//           Model from line 10801 file './inputs/from_TEAMaker/library/lib783_i0s_160h_50pp_dsiseq_hvt.atpg'.
//  Warning: Model 'i0slszao4ad1d03x5' contains no single ported _dff or _dlat within (all hierarchy).
//           This model may cause chain stitching or scan chain DRC violations if used in a scan chain.
//           Model from line 10829 file './inputs/from_TEAMaker/library/lib783_i0s_160h_50pp_dsiseq_hvt.atpg'.
//  Warning: Model 'i0slszao4ad1d06x5' contains no single ported _dff or _dlat within (all hierarchy).
//           This model may cause chain stitching or scan chain DRC violations if used in a scan chain.
//           Model from line 10857 file './inputs/from_TEAMaker/library/lib783_i0s_160h_50pp_dsiseq_hvt.atpg'.
//  Warning: Model 'i0slszao4ad1d12x5' contains no single ported _dff or _dlat within (all hierarchy).
//           This model may cause chain stitching or scan chain DRC violations if used in a scan chain.
//           Model from line 10885 file './inputs/from_TEAMaker/library/lib783_i0s_160h_50pp_dsiseq_hvt.atpg'.
//  Warning: Model 'i0slszoa3ad1d02x5' contains no single ported _dff or _dlat within (all hierarchy).
//           This model may cause chain stitching or scan chain DRC violations if used in a scan chain.
//           Model from line 10913 file './inputs/from_TEAMaker/library/lib783_i0s_160h_50pp_dsiseq_hvt.atpg'.
//  Warning: Model 'i0slszoa3ad1d03x5' contains no single ported _dff or _dlat within (all hierarchy).
//           This model may cause chain stitching or scan chain DRC violations if used in a scan chain.
//           Model from line 10939 file './inputs/from_TEAMaker/library/lib783_i0s_160h_50pp_dsiseq_hvt.atpg'.
//  Warning: Model 'i0slszoa3ad1d06x5' contains no single ported _dff or _dlat within (all hierarchy).
//           This model may cause chain stitching or scan chain DRC violations if used in a scan chain.
//           Model from line 10965 file './inputs/from_TEAMaker/library/lib783_i0s_160h_50pp_dsiseq_hvt.atpg'.
//  Warning: Model 'i0slszoa3ad1d12x5' contains no single ported _dff or _dlat within (all hierarchy).
//           This model may cause chain stitching or scan chain DRC violations if used in a scan chain.
//           Model from line 10991 file './inputs/from_TEAMaker/library/lib783_i0s_160h_50pp_dsiseq_hvt.atpg'.
//  Warning: Model 'i0slszoa4ad1d02x5' contains no single ported _dff or _dlat within (all hierarchy).
//           This model may cause chain stitching or scan chain DRC violations if used in a scan chain.
//           Model from line 11017 file './inputs/from_TEAMaker/library/lib783_i0s_160h_50pp_dsiseq_hvt.atpg'.
//  Warning: Model 'i0slszoa4ad1d03x5' contains no single ported _dff or _dlat within (all hierarchy).
//           This model may cause chain stitching or scan chain DRC violations if used in a scan chain.
//           Model from line 11045 file './inputs/from_TEAMaker/library/lib783_i0s_160h_50pp_dsiseq_hvt.atpg'.
//  Warning: Model 'i0slszoa4ad1d06x5' contains no single ported _dff or _dlat within (all hierarchy).
//           This model may cause chain stitching or scan chain DRC violations if used in a scan chain.
//           Model from line 11073 file './inputs/from_TEAMaker/library/lib783_i0s_160h_50pp_dsiseq_hvt.atpg'.
//  Warning: Model 'i0slszoa4ad1d12x5' contains no single ported _dff or _dlat within (all hierarchy).
//           This model may cause chain stitching or scan chain DRC violations if used in a scan chain.
//           Model from line 11101 file './inputs/from_TEAMaker/library/lib783_i0s_160h_50pp_dsiseq_hvt.atpg'.
//  Warning: Model 'i0slszao3ab1d02x5' contains no single ported _dff or _dlat within (all hierarchy).
//           This model may cause chain stitching or scan chain DRC violations if used in a scan chain.
//           Model from line 10697 file './inputs/from_TEAMaker/library/lib783_i0s_160h_50pp_dsiseq_lvt.atpg'.
//  Warning: Model 'i0slszao3ab1d03x5' contains no single ported _dff or _dlat within (all hierarchy).
//           This model may cause chain stitching or scan chain DRC violations if used in a scan chain.
//           Model from line 10723 file './inputs/from_TEAMaker/library/lib783_i0s_160h_50pp_dsiseq_lvt.atpg'.
//  Warning: Model 'i0slszao3ab1d06x5' contains no single ported _dff or _dlat within (all hierarchy).
//           This model may cause chain stitching or scan chain DRC violations if used in a scan chain.
//           Model from line 10749 file './inputs/from_TEAMaker/library/lib783_i0s_160h_50pp_dsiseq_lvt.atpg'.
//  Warning: Model 'i0slszao3ab1d12x5' contains no single ported _dff or _dlat within (all hierarchy).
//           This model may cause chain stitching or scan chain DRC violations if used in a scan chain.
//           Model from line 10775 file './inputs/from_TEAMaker/library/lib783_i0s_160h_50pp_dsiseq_lvt.atpg'.
//  Warning: Model 'i0slszao4ab1d02x5' contains no single ported _dff or _dlat within (all hierarchy).
//           This model may cause chain stitching or scan chain DRC violations if used in a scan chain.
//           Model from line 10801 file './inputs/from_TEAMaker/library/lib783_i0s_160h_50pp_dsiseq_lvt.atpg'.
//  Warning: Model 'i0slszao4ab1d03x5' contains no single ported _dff or _dlat within (all hierarchy).
//           This model may cause chain stitching or scan chain DRC violations if used in a scan chain.
//           Model from line 10829 file './inputs/from_TEAMaker/library/lib783_i0s_160h_50pp_dsiseq_lvt.atpg'.
//  Warning: Model 'i0slszao4ab1d06x5' contains no single ported _dff or _dlat within (all hierarchy).
//           This model may cause chain stitching or scan chain DRC violations if used in a scan chain.
//           Model from line 10857 file './inputs/from_TEAMaker/library/lib783_i0s_160h_50pp_dsiseq_lvt.atpg'.
//  Warning: Model 'i0slszao4ab1d12x5' contains no single ported _dff or _dlat within (all hierarchy).
//           This model may cause chain stitching or scan chain DRC violations if used in a scan chain.
//           Model from line 10885 file './inputs/from_TEAMaker/library/lib783_i0s_160h_50pp_dsiseq_lvt.atpg'.
//  Warning: Model 'i0slszoa3ab1d02x5' contains no single ported _dff or _dlat within (all hierarchy).
//           This model may cause chain stitching or scan chain DRC violations if used in a scan chain.
//           Model from line 10913 file './inputs/from_TEAMaker/library/lib783_i0s_160h_50pp_dsiseq_lvt.atpg'.
//  Warning: Model 'i0slszoa3ab1d03x5' contains no single ported _dff or _dlat within (all hierarchy).
//           This model may cause chain stitching or scan chain DRC violations if used in a scan chain.
//           Model from line 10939 file './inputs/from_TEAMaker/library/lib783_i0s_160h_50pp_dsiseq_lvt.atpg'.
//  Warning: Model 'i0slszoa3ab1d06x5' contains no single ported _dff or _dlat within (all hierarchy).
//           This model may cause chain stitching or scan chain DRC violations if used in a scan chain.
//           Model from line 10965 file './inputs/from_TEAMaker/library/lib783_i0s_160h_50pp_dsiseq_lvt.atpg'.
//  Warning: Model 'i0slszoa3ab1d12x5' contains no single ported _dff or _dlat within (all hierarchy).
//           This model may cause chain stitching or scan chain DRC violations if used in a scan chain.
//           Model from line 10991 file './inputs/from_TEAMaker/library/lib783_i0s_160h_50pp_dsiseq_lvt.atpg'.
//  Warning: Model 'i0slszoa4ab1d02x5' contains no single ported _dff or _dlat within (all hierarchy).
//           This model may cause chain stitching or scan chain DRC violations if used in a scan chain.
//           Model from line 11017 file './inputs/from_TEAMaker/library/lib783_i0s_160h_50pp_dsiseq_lvt.atpg'.
//  Warning: Model 'i0slszoa4ab1d03x5' contains no single ported _dff or _dlat within (all hierarchy).
//           This model may cause chain stitching or scan chain DRC violations if used in a scan chain.
//           Model from line 11045 file './inputs/from_TEAMaker/library/lib783_i0s_160h_50pp_dsiseq_lvt.atpg'.
//  Warning: Model 'i0slszoa4ab1d06x5' contains no single ported _dff or _dlat within (all hierarchy).
//           This model may cause chain stitching or scan chain DRC violations if used in a scan chain.
//           Model from line 11073 file './inputs/from_TEAMaker/library/lib783_i0s_160h_50pp_dsiseq_lvt.atpg'.
//  Warning: Model 'i0slszoa4ab1d12x5' contains no single ported _dff or _dlat within (all hierarchy).
//           This model may cause chain stitching or scan chain DRC violations if used in a scan chain.
//           Model from line 11101 file './inputs/from_TEAMaker/library/lib783_i0s_160h_50pp_dsiseq_lvt.atpg'.
//  Warning: Model 'i0slszao3ac1d02x5' contains no single ported _dff or _dlat within (all hierarchy).
//           This model may cause chain stitching or scan chain DRC violations if used in a scan chain.
//           Model from line 10697 file './inputs/from_TEAMaker/library/lib783_i0s_160h_50pp_dsiseq_svt.atpg'.
//  Warning: Model 'i0slszao3ac1d03x5' contains no single ported _dff or _dlat within (all hierarchy).
//           This model may cause chain stitching or scan chain DRC violations if used in a scan chain.
//           Model from line 10723 file './inputs/from_TEAMaker/library/lib783_i0s_160h_50pp_dsiseq_svt.atpg'.
//  Warning: Model 'i0slszao3ac1d06x5' contains no single ported _dff or _dlat within (all hierarchy).
//           This model may cause chain stitching or scan chain DRC violations if used in a scan chain.
//           Model from line 10749 file './inputs/from_TEAMaker/library/lib783_i0s_160h_50pp_dsiseq_svt.atpg'.
//  Warning: Model 'i0slszao3ac1d12x5' contains no single ported _dff or _dlat within (all hierarchy).
//           This model may cause chain stitching or scan chain DRC violations if used in a scan chain.
//           Model from line 10775 file './inputs/from_TEAMaker/library/lib783_i0s_160h_50pp_dsiseq_svt.atpg'.
//  Warning: Model 'i0slszao4ac1d02x5' contains no single ported _dff or _dlat within (all hierarchy).
//           This model may cause chain stitching or scan chain DRC violations if used in a scan chain.
//           Model from line 10801 file './inputs/from_TEAMaker/library/lib783_i0s_160h_50pp_dsiseq_svt.atpg'.
//  Warning: Model 'i0slszao4ac1d03x5' contains no single ported _dff or _dlat within (all hierarchy).
//           This model may cause chain stitching or scan chain DRC violations if used in a scan chain.
//           Model from line 10829 file './inputs/from_TEAMaker/library/lib783_i0s_160h_50pp_dsiseq_svt.atpg'.
//  Warning: Model 'i0slszao4ac1d06x5' contains no single ported _dff or _dlat within (all hierarchy).
//           This model may cause chain stitching or scan chain DRC violations if used in a scan chain.
//           Model from line 10857 file './inputs/from_TEAMaker/library/lib783_i0s_160h_50pp_dsiseq_svt.atpg'.
//  Warning: Model 'i0slszao4ac1d12x5' contains no single ported _dff or _dlat within (all hierarchy).
//           This model may cause chain stitching or scan chain DRC violations if used in a scan chain.
//           Model from line 10885 file './inputs/from_TEAMaker/library/lib783_i0s_160h_50pp_dsiseq_svt.atpg'.
//  Warning: Model 'i0slszoa3ac1d02x5' contains no single ported _dff or _dlat within (all hierarchy).
//           This model may cause chain stitching or scan chain DRC violations if used in a scan chain.
//           Model from line 10913 file './inputs/from_TEAMaker/library/lib783_i0s_160h_50pp_dsiseq_svt.atpg'.
//  Warning: Model 'i0slszoa3ac1d03x5' contains no single ported _dff or _dlat within (all hierarchy).
//           This model may cause chain stitching or scan chain DRC violations if used in a scan chain.
//           Model from line 10939 file './inputs/from_TEAMaker/library/lib783_i0s_160h_50pp_dsiseq_svt.atpg'.
//  Warning: Model 'i0slszoa3ac1d06x5' contains no single ported _dff or _dlat within (all hierarchy).
//           This model may cause chain stitching or scan chain DRC violations if used in a scan chain.
//           Model from line 10965 file './inputs/from_TEAMaker/library/lib783_i0s_160h_50pp_dsiseq_svt.atpg'.
//  Warning: Model 'i0slszoa3ac1d12x5' contains no single ported _dff or _dlat within (all hierarchy).
//           This model may cause chain stitching or scan chain DRC violations if used in a scan chain.
//           Model from line 10991 file './inputs/from_TEAMaker/library/lib783_i0s_160h_50pp_dsiseq_svt.atpg'.
//  Warning: Model 'i0slszoa4ac1d02x5' contains no single ported _dff or _dlat within (all hierarchy).
//           This model may cause chain stitching or scan chain DRC violations if used in a scan chain.
//           Model from line 11017 file './inputs/from_TEAMaker/library/lib783_i0s_160h_50pp_dsiseq_svt.atpg'.
//  Warning: Model 'i0slszoa4ac1d03x5' contains no single ported _dff or _dlat within (all hierarchy).
//           This model may cause chain stitching or scan chain DRC violations if used in a scan chain.
//           Model from line 11045 file './inputs/from_TEAMaker/library/lib783_i0s_160h_50pp_dsiseq_svt.atpg'.
//  Warning: Model 'i0slszoa4ac1d06x5' contains no single ported _dff or _dlat within (all hierarchy).
//           This model may cause chain stitching or scan chain DRC violations if used in a scan chain.
//           Model from line 11073 file './inputs/from_TEAMaker/library/lib783_i0s_160h_50pp_dsiseq_svt.atpg'.
//  Warning: Model 'i0slszoa4ac1d12x5' contains no single ported _dff or _dlat within (all hierarchy).
//           This model may cause chain stitching or scan chain DRC violations if used in a scan chain.
//           Model from line 11101 file './inputs/from_TEAMaker/library/lib783_i0s_160h_50pp_dsiseq_svt.atpg'.
//  Warning: Model 'i0slszao3aa1d02x5' contains no single ported _dff or _dlat within (all hierarchy).
//           This model may cause chain stitching or scan chain DRC violations if used in a scan chain.
//           Model from line 10697 file './inputs/from_TEAMaker/library/lib783_i0s_160h_50pp_dsiseq_ulvt.atpg'.
//  Warning: Model 'i0slszao3aa1d03x5' contains no single ported _dff or _dlat within (all hierarchy).
//           This model may cause chain stitching or scan chain DRC violations if used in a scan chain.
//           Model from line 10723 file './inputs/from_TEAMaker/library/lib783_i0s_160h_50pp_dsiseq_ulvt.atpg'.
//  Warning: Model 'i0slszao3aa1d06x5' contains no single ported _dff or _dlat within (all hierarchy).
//           This model may cause chain stitching or scan chain DRC violations if used in a scan chain.
//           Model from line 10749 file './inputs/from_TEAMaker/library/lib783_i0s_160h_50pp_dsiseq_ulvt.atpg'.
//  Warning: Model 'i0slszao3aa1d12x5' contains no single ported _dff or _dlat within (all hierarchy).
//           This model may cause chain stitching or scan chain DRC violations if used in a scan chain.
//           Model from line 10775 file './inputs/from_TEAMaker/library/lib783_i0s_160h_50pp_dsiseq_ulvt.atpg'.
//  Warning: Model 'i0slszao4aa1d02x5' contains no single ported _dff or _dlat within (all hierarchy).
//           This model may cause chain stitching or scan chain DRC violations if used in a scan chain.
//           Model from line 10801 file './inputs/from_TEAMaker/library/lib783_i0s_160h_50pp_dsiseq_ulvt.atpg'.
//  Warning: Model 'i0slszao4aa1d03x5' contains no single ported _dff or _dlat within (all hierarchy).
//           This model may cause chain stitching or scan chain DRC violations if used in a scan chain.
//           Model from line 10829 file './inputs/from_TEAMaker/library/lib783_i0s_160h_50pp_dsiseq_ulvt.atpg'.
//  Warning: Model 'i0slszao4aa1d06x5' contains no single ported _dff or _dlat within (all hierarchy).
//           This model may cause chain stitching or scan chain DRC violations if used in a scan chain.
//           Model from line 10857 file './inputs/from_TEAMaker/library/lib783_i0s_160h_50pp_dsiseq_ulvt.atpg'.
//  Warning: Model 'i0slszao4aa1d12x5' contains no single ported _dff or _dlat within (all hierarchy).
//           This model may cause chain stitching or scan chain DRC violations if used in a scan chain.
//           Model from line 10885 file './inputs/from_TEAMaker/library/lib783_i0s_160h_50pp_dsiseq_ulvt.atpg'.
//  Warning: Model 'i0slszoa3aa1d02x5' contains no single ported _dff or _dlat within (all hierarchy).
//           This model may cause chain stitching or scan chain DRC violations if used in a scan chain.
//           Model from line 10913 file './inputs/from_TEAMaker/library/lib783_i0s_160h_50pp_dsiseq_ulvt.atpg'.
//  Warning: Model 'i0slszoa3aa1d03x5' contains no single ported _dff or _dlat within (all hierarchy).
//           This model may cause chain stitching or scan chain DRC violations if used in a scan chain.
//           Model from line 10939 file './inputs/from_TEAMaker/library/lib783_i0s_160h_50pp_dsiseq_ulvt.atpg'.
//  Warning: Model 'i0slszoa3aa1d06x5' contains no single ported _dff or _dlat within (all hierarchy).
//           This model may cause chain stitching or scan chain DRC violations if used in a scan chain.
//           Model from line 10965 file './inputs/from_TEAMaker/library/lib783_i0s_160h_50pp_dsiseq_ulvt.atpg'.
//  Warning: Model 'i0slszoa3aa1d12x5' contains no single ported _dff or _dlat within (all hierarchy).
//           This model may cause chain stitching or scan chain DRC violations if used in a scan chain.
//           Model from line 10991 file './inputs/from_TEAMaker/library/lib783_i0s_160h_50pp_dsiseq_ulvt.atpg'.
//  Warning: Model 'i0slszoa4aa1d02x5' contains no single ported _dff or _dlat within (all hierarchy).
//           This model may cause chain stitching or scan chain DRC violations if used in a scan chain.
//           Model from line 11017 file './inputs/from_TEAMaker/library/lib783_i0s_160h_50pp_dsiseq_ulvt.atpg'.
//  Warning: Model 'i0slszoa4aa1d03x5' contains no single ported _dff or _dlat within (all hierarchy).
//           This model may cause chain stitching or scan chain DRC violations if used in a scan chain.
//           Model from line 11045 file './inputs/from_TEAMaker/library/lib783_i0s_160h_50pp_dsiseq_ulvt.atpg'.
//  Warning: Model 'i0slszoa4aa1d06x5' contains no single ported _dff or _dlat within (all hierarchy).
//           This model may cause chain stitching or scan chain DRC violations if used in a scan chain.
//           Model from line 11073 file './inputs/from_TEAMaker/library/lib783_i0s_160h_50pp_dsiseq_ulvt.atpg'.
//  Warning: Model 'i0slszoa4aa1d12x5' contains no single ported _dff or _dlat within (all hierarchy).
//           This model may cause chain stitching or scan chain DRC violations if used in a scan chain.
//           Model from line 11101 file './inputs/from_TEAMaker/library/lib783_i0s_160h_50pp_dsiseq_ulvt.atpg'.
//  Warning: Model 'i0sfuzr00ad1d02x5' does not have a single model clock input that independently
//           operates scan chain. Multiple clocks not supported. Cell inputs gating the clock
//           must be given an assert_shift value, declared as a retention enable, or declared as tie0/1
//           as appropriate, to allow shift verification. For example, "input (clk_en) (assert_shift=1)",
//           or "input (sleepb) (retention_enable_inv)", or "input (en) (tie1)"
//           This model may cause chain stitching or scan chain DRC violations if used in a scan chain.
//           Model from line 505 file './inputs/from_TEAMaker/library/lib783_i0s_160h_50pp_dspwm_hvt.atpg'.
//  Warning: Model 'i0sfuzr00ad1d03x5' does not have a single model clock input that independently
//           operates scan chain. Multiple clocks not supported. Cell inputs gating the clock
//           must be given an assert_shift value, declared as a retention enable, or declared as tie0/1
//           as appropriate, to allow shift verification. For example, "input (clk_en) (assert_shift=1)",
//           or "input (sleepb) (retention_enable_inv)", or "input (en) (tie1)"
//           This model may cause chain stitching or scan chain DRC violations if used in a scan chain.
//           Model from line 530 file './inputs/from_TEAMaker/library/lib783_i0s_160h_50pp_dspwm_hvt.atpg'.
//  Warning: Model 'i0sfuzr00ad1d06x5' does not have a single model clock input that independently
//           operates scan chain. Multiple clocks not supported. Cell inputs gating the clock
//           must be given an assert_shift value, declared as a retention enable, or declared as tie0/1
//           as appropriate, to allow shift verification. For example, "input (clk_en) (assert_shift=1)",
//           or "input (sleepb) (retention_enable_inv)", or "input (en) (tie1)"
//           This model may cause chain stitching or scan chain DRC violations if used in a scan chain.
//           Model from line 555 file './inputs/from_TEAMaker/library/lib783_i0s_160h_50pp_dspwm_hvt.atpg'.
//  Warning: Model 'i0sfuzr00ad1d12x5' does not have a single model clock input that independently
//           operates scan chain. Multiple clocks not supported. Cell inputs gating the clock
//           must be given an assert_shift value, declared as a retention enable, or declared as tie0/1
//           as appropriate, to allow shift verification. For example, "input (clk_en) (assert_shift=1)",
//           or "input (sleepb) (retention_enable_inv)", or "input (en) (tie1)"
//           This model may cause chain stitching or scan chain DRC violations if used in a scan chain.
//           Model from line 580 file './inputs/from_TEAMaker/library/lib783_i0s_160h_50pp_dspwm_hvt.atpg'.
//  Warning: Model 'i0sfuzr00ac1d02x5' does not have a single model clock input that independently
//           operates scan chain. Multiple clocks not supported. Cell inputs gating the clock
//           must be given an assert_shift value, declared as a retention enable, or declared as tie0/1
//           as appropriate, to allow shift verification. For example, "input (clk_en) (assert_shift=1)",
//           or "input (sleepb) (retention_enable_inv)", or "input (en) (tie1)"
//           This model may cause chain stitching or scan chain DRC violations if used in a scan chain.
//           Model from line 505 file './inputs/from_TEAMaker/library/lib783_i0s_160h_50pp_dspwm_svt.atpg'.
//  Warning: Model 'i0sfuzr00ac1d03x5' does not have a single model clock input that independently
//           operates scan chain. Multiple clocks not supported. Cell inputs gating the clock
//           must be given an assert_shift value, declared as a retention enable, or declared as tie0/1
//           as appropriate, to allow shift verification. For example, "input (clk_en) (assert_shift=1)",
//           or "input (sleepb) (retention_enable_inv)", or "input (en) (tie1)"
//           This model may cause chain stitching or scan chain DRC violations if used in a scan chain.
//           Model from line 530 file './inputs/from_TEAMaker/library/lib783_i0s_160h_50pp_dspwm_svt.atpg'.
//  Warning: Model 'i0sfuzr00ac1d06x5' does not have a single model clock input that independently
//           operates scan chain. Multiple clocks not supported. Cell inputs gating the clock
//           must be given an assert_shift value, declared as a retention enable, or declared as tie0/1
//           as appropriate, to allow shift verification. For example, "input (clk_en) (assert_shift=1)",
//           or "input (sleepb) (retention_enable_inv)", or "input (en) (tie1)"
//           This model may cause chain stitching or scan chain DRC violations if used in a scan chain.
//           Model from line 555 file './inputs/from_TEAMaker/library/lib783_i0s_160h_50pp_dspwm_svt.atpg'.
//  Warning: Model 'i0sfuzr00ac1d12x5' does not have a single model clock input that independently
//           operates scan chain. Multiple clocks not supported. Cell inputs gating the clock
//           must be given an assert_shift value, declared as a retention enable, or declared as tie0/1
//           as appropriate, to allow shift verification. For example, "input (clk_en) (assert_shift=1)",
//           or "input (sleepb) (retention_enable_inv)", or "input (en) (tie1)"
//           This model may cause chain stitching or scan chain DRC violations if used in a scan chain.
//           Model from line 580 file './inputs/from_TEAMaker/library/lib783_i0s_160h_50pp_dspwm_svt.atpg'.
//  Warning: Model 'i0sfuzr00md1d02x5' does not have a single model clock input that independently
//           operates scan chain. Multiple clocks not supported. Cell inputs gating the clock
//           must be given an assert_shift value, declared as a retention enable, or declared as tie0/1
//           as appropriate, to allow shift verification. For example, "input (clk_en) (assert_shift=1)",
//           or "input (sleepb) (retention_enable_inv)", or "input (en) (tie1)"
//           This model may cause chain stitching or scan chain DRC violations if used in a scan chain.
//           Model from line 1437 file './inputs/from_TEAMaker/library/lib783_i0s_160h_50pp_pwm_hvt.atpg'.
//  Warning: Model 'i0sfuzr00md1d03x5' does not have a single model clock input that independently
//           operates scan chain. Multiple clocks not supported. Cell inputs gating the clock
//           must be given an assert_shift value, declared as a retention enable, or declared as tie0/1
//           as appropriate, to allow shift verification. For example, "input (clk_en) (assert_shift=1)",
//           or "input (sleepb) (retention_enable_inv)", or "input (en) (tie1)"
//           This model may cause chain stitching or scan chain DRC violations if used in a scan chain.
//           Model from line 1462 file './inputs/from_TEAMaker/library/lib783_i0s_160h_50pp_pwm_hvt.atpg'.
//  Warning: Model 'i0sfuzr00md1d06x5' does not have a single model clock input that independently
//           operates scan chain. Multiple clocks not supported. Cell inputs gating the clock
//           must be given an assert_shift value, declared as a retention enable, or declared as tie0/1
//           as appropriate, to allow shift verification. For example, "input (clk_en) (assert_shift=1)",
//           or "input (sleepb) (retention_enable_inv)", or "input (en) (tie1)"
//           This model may cause chain stitching or scan chain DRC violations if used in a scan chain.
//           Model from line 1487 file './inputs/from_TEAMaker/library/lib783_i0s_160h_50pp_pwm_hvt.atpg'.
//  Warning: Model 'i0sfuzr00md1d12x5' does not have a single model clock input that independently
//           operates scan chain. Multiple clocks not supported. Cell inputs gating the clock
//           must be given an assert_shift value, declared as a retention enable, or declared as tie0/1
//           as appropriate, to allow shift verification. For example, "input (clk_en) (assert_shift=1)",
//           or "input (sleepb) (retention_enable_inv)", or "input (en) (tie1)"
//           This model may cause chain stitching or scan chain DRC violations if used in a scan chain.
//           Model from line 1512 file './inputs/from_TEAMaker/library/lib783_i0s_160h_50pp_pwm_hvt.atpg'.
//  Warning: Model 'i0sfuzr00ab1d02x5' does not have a single model clock input that independently
//           operates scan chain. Multiple clocks not supported. Cell inputs gating the clock
//           must be given an assert_shift value, declared as a retention enable, or declared as tie0/1
//           as appropriate, to allow shift verification. For example, "input (clk_en) (assert_shift=1)",
//           or "input (sleepb) (retention_enable_inv)", or "input (en) (tie1)"
//           This model may cause chain stitching or scan chain DRC violations if used in a scan chain.
//           Model from line 1957 file './inputs/from_TEAMaker/library/lib783_i0s_160h_50pp_pwm_lvt.atpg'.
//  Warning: Model 'i0sfuzr00ab1d03x5' does not have a single model clock input that independently
//           operates scan chain. Multiple clocks not supported. Cell inputs gating the clock
//           must be given an assert_shift value, declared as a retention enable, or declared as tie0/1
//           as appropriate, to allow shift verification. For example, "input (clk_en) (assert_shift=1)",
//           or "input (sleepb) (retention_enable_inv)", or "input (en) (tie1)"
//           This model may cause chain stitching or scan chain DRC violations if used in a scan chain.
//           Model from line 1982 file './inputs/from_TEAMaker/library/lib783_i0s_160h_50pp_pwm_lvt.atpg'.
//  Warning: Model 'i0sfuzr00ab1d06x5' does not have a single model clock input that independently
//           operates scan chain. Multiple clocks not supported. Cell inputs gating the clock
//           must be given an assert_shift value, declared as a retention enable, or declared as tie0/1
//           as appropriate, to allow shift verification. For example, "input (clk_en) (assert_shift=1)",
//           or "input (sleepb) (retention_enable_inv)", or "input (en) (tie1)"
//           This model may cause chain stitching or scan chain DRC violations if used in a scan chain.
//           Model from line 2007 file './inputs/from_TEAMaker/library/lib783_i0s_160h_50pp_pwm_lvt.atpg'.
//  Warning: Model 'i0sfuzr00ab1d12x5' does not have a single model clock input that independently
//           operates scan chain. Multiple clocks not supported. Cell inputs gating the clock
//           must be given an assert_shift value, declared as a retention enable, or declared as tie0/1
//           as appropriate, to allow shift verification. For example, "input (clk_en) (assert_shift=1)",
//           or "input (sleepb) (retention_enable_inv)", or "input (en) (tie1)"
//           This model may cause chain stitching or scan chain DRC violations if used in a scan chain.
//           Model from line 2032 file './inputs/from_TEAMaker/library/lib783_i0s_160h_50pp_pwm_lvt.atpg'.
//  Warning: Model 'i0sfuzr00mc1d02x5' does not have a single model clock input that independently
//           operates scan chain. Multiple clocks not supported. Cell inputs gating the clock
//           must be given an assert_shift value, declared as a retention enable, or declared as tie0/1
//           as appropriate, to allow shift verification. For example, "input (clk_en) (assert_shift=1)",
//           or "input (sleepb) (retention_enable_inv)", or "input (en) (tie1)"
//           This model may cause chain stitching or scan chain DRC violations if used in a scan chain.
//           Model from line 1957 file './inputs/from_TEAMaker/library/lib783_i0s_160h_50pp_pwm_svt.atpg'.
//  Warning: Model 'i0sfuzr00mc1d03x5' does not have a single model clock input that independently
//           operates scan chain. Multiple clocks not supported. Cell inputs gating the clock
//           must be given an assert_shift value, declared as a retention enable, or declared as tie0/1
//           as appropriate, to allow shift verification. For example, "input (clk_en) (assert_shift=1)",
//           or "input (sleepb) (retention_enable_inv)", or "input (en) (tie1)"
//           This model may cause chain stitching or scan chain DRC violations if used in a scan chain.
//           Model from line 1982 file './inputs/from_TEAMaker/library/lib783_i0s_160h_50pp_pwm_svt.atpg'.
//  Warning: Model 'i0sfuzr00mc1d06x5' does not have a single model clock input that independently
//           operates scan chain. Multiple clocks not supported. Cell inputs gating the clock
//           must be given an assert_shift value, declared as a retention enable, or declared as tie0/1
//           as appropriate, to allow shift verification. For example, "input (clk_en) (assert_shift=1)",
//           or "input (sleepb) (retention_enable_inv)", or "input (en) (tie1)"
//           This model may cause chain stitching or scan chain DRC violations if used in a scan chain.
//           Model from line 2007 file './inputs/from_TEAMaker/library/lib783_i0s_160h_50pp_pwm_svt.atpg'.
//  Warning: Model 'i0sfuzr00mc1d12x5' does not have a single model clock input that independently
//           operates scan chain. Multiple clocks not supported. Cell inputs gating the clock
//           must be given an assert_shift value, declared as a retention enable, or declared as tie0/1
//           as appropriate, to allow shift verification. For example, "input (clk_en) (assert_shift=1)",
//           or "input (sleepb) (retention_enable_inv)", or "input (en) (tie1)"
//           This model may cause chain stitching or scan chain DRC violations if used in a scan chain.
//           Model from line 2032 file './inputs/from_TEAMaker/library/lib783_i0s_160h_50pp_pwm_svt.atpg'.
//  Warning: Model 'i0sfuzr00aa1d02x5' does not have a single model clock input that independently
//           operates scan chain. Multiple clocks not supported. Cell inputs gating the clock
//           must be given an assert_shift value, declared as a retention enable, or declared as tie0/1
//           as appropriate, to allow shift verification. For example, "input (clk_en) (assert_shift=1)",
//           or "input (sleepb) (retention_enable_inv)", or "input (en) (tie1)"
//           This model may cause chain stitching or scan chain DRC violations if used in a scan chain.
//           Model from line 1957 file './inputs/from_TEAMaker/library/lib783_i0s_160h_50pp_pwm_ulvt.atpg'.
//  Warning: Model 'i0sfuzr00aa1d03x5' does not have a single model clock input that independently
//           operates scan chain. Multiple clocks not supported. Cell inputs gating the clock
//           must be given an assert_shift value, declared as a retention enable, or declared as tie0/1
//           as appropriate, to allow shift verification. For example, "input (clk_en) (assert_shift=1)",
//           or "input (sleepb) (retention_enable_inv)", or "input (en) (tie1)"
//           This model may cause chain stitching or scan chain DRC violations if used in a scan chain.
//           Model from line 1982 file './inputs/from_TEAMaker/library/lib783_i0s_160h_50pp_pwm_ulvt.atpg'.
//  Warning: Model 'i0sfuzr00aa1d06x5' does not have a single model clock input that independently
//           operates scan chain. Multiple clocks not supported. Cell inputs gating the clock
//           must be given an assert_shift value, declared as a retention enable, or declared as tie0/1
//           as appropriate, to allow shift verification. For example, "input (clk_en) (assert_shift=1)",
//           or "input (sleepb) (retention_enable_inv)", or "input (en) (tie1)"
//           This model may cause chain stitching or scan chain DRC violations if used in a scan chain.
//           Model from line 2007 file './inputs/from_TEAMaker/library/lib783_i0s_160h_50pp_pwm_ulvt.atpg'.
//  Warning: Model 'i0sfuzr00aa1d12x5' does not have a single model clock input that independently
//           operates scan chain. Multiple clocks not supported. Cell inputs gating the clock
//           must be given an assert_shift value, declared as a retention enable, or declared as tie0/1
//           as appropriate, to allow shift verification. For example, "input (clk_en) (assert_shift=1)",
//           or "input (sleepb) (retention_enable_inv)", or "input (en) (tie1)"
//           This model may cause chain stitching or scan chain DRC violations if used in a scan chain.
//           Model from line 2032 file './inputs/from_TEAMaker/library/lib783_i0s_160h_50pp_pwm_ulvt.atpg'.
//  Note: clock_and = 'i0sclb0a2ab1n02x5' in dft_cell_selection(ctech_lib), but 'i0sclb0a2ab1n02x5' has no cell_type.
//    Setting :  cell_type = clock_and;
//  Note: clock_gating_and = 'i0scilb01ab1n02x5' in dft_cell_selection(ctech_lib), but 'i0scilb01ab1n02x5' has no cell_type.
//    Setting :  cell_type = clock_gating_and;
//  Warning: Undefined modules were found.
//           Before using "set_system_mode" or "create_flat_model", you must either define
//           the missing modules using "read_verilog" and/or "read_cell_library", or use the
//           following command to treat them as black boxes:
             add_black_boxes -modules { \
                    ip783hdspsr1024x22m8b1s0c1r2p3d0a2 \
                    ip783hdspsr1024x72m2b2s0c1r2p3d0a2 \
                    ip783hdspsr512x32m4b1s0c1r2p3d0a2 \
             }
//           You can also use "add_black_boxes -auto" to black box all undefined modules but
//           it is recommended that you do not add this command to your dofile. Doing so may
//           unintentionally black-box new undefined modules in future runs.
//  Warning: 24 cases: Unused net in DFT library model
//  Warning: 12320 cases: Undriven net in netlist module
//  Note: Issue set_current_design with the -show_elaboration_warnings option to see more details about previous warnings
//  ---------------------------------------------------------------------------
//  Begin ICL elaboration and checking.
//  -----------------------------------
//  ICL elaboration completed, CPU time=1.52 sec.
//  ---------------------------------------------------------------------------
//  Warning: Primary input 'firebird7_in_gate2_tessent_ssn_scan_host_ssh_inst/shift_capture_clock_pport' is added at pin '/firebird7_in_gate2_tessent_ssn_scan_host_ssh_inst/shift_capture_clock'
//  Note: automatically defined clock signal "firebird7_in_gate2_tessent_ssn_scan_host_ssh_inst/shift_capture_clock" as clock with off state of 0.
//    command: add_black_boxes -modules {    ip783hdspsr1024x22m8b1s0c1r2p3d0a2    ip783hdspsr1024x72m2b2s0c1r2p3d0a2    ip783hdspsr512x32m4b1s0c1r2p3d0a2  }
//    command: set_design_level physical_block
//    command: add_nonscan_instances u_extest_edt_scan_bi_sol_0
//    command: add_nonscan_instances u_intest_edt_scan_bi_sol_0
//    command: add_nonscan_instances extest_edt_pipe_in_0
//    command: add_nonscan_instances extest_edt_pipe_out_0
//    command: add_nonscan_instances intest_edt_pipe_in_0
//    command: add_nonscan_instances intest_edt_pipe_in_0_1
//    command: add_nonscan_instances intest_edt_pipe_in_0_2
//    command: add_nonscan_instances intest_edt_pipe_in_0_3
//    command: add_nonscan_instances intest_edt_pipe_out_0
//    command: add_nonscan_instances intest_edt_pipe_out_0_1
//    command: set_clock_gating_enable u_teamaker_fscan_clk_ungate_or2/o
//  command: dofile ./dofiles/3rd_pass/2.Run_design_rules_checks.do
//    command: check_design_rules 
//  Warning: Rule FN1 violation occurs 12320 times
//  Flattening process completed, cell instances=938215, gates=4753425, PIs=339+5(pseudo ports), POs=570, CPU time=30.45 sec.
//  ---------------------------------------------------------------------------
//  Begin circuit learning analyses.
//  --------------------------------
//  Learning completed, CPU time=29.17 sec.
//  ---------------------------------------------------------------------------
//  Begin scan chain identification process, memory elements = 95850,
//  sequential library cells = 95846.
//  ---------------------------------------------------------------------------
//  Begin simulation of test_setup procedure with 101 cycles.
//  Simulation of test_setup procedure completed, CPU time=0.4 sec.
//  Begin simulation of auto-generated load_unload procedure.
//  Simulation of load_unload procedure completed, CPU time=3.1 sec.
//  Scan segment = /firebird7_in_gate1_tessent_sib_sti_inst/ltest_so successfully traced with scan_cells = 7.
//  Scan segment = /firebird7_in_gate2_tessent_occ_clk_inst/scan_out successfully traced with scan_cells = 5.
//  1 external shadows that use shift clocking have been identified.
//  12 scan cells have been identified in 2 scan segments.
//  Longest scan segment has 7 scan cells.
//  Warning: 2 edge-triggered clock ports set to stable high. (D7)
//  Warning: Model 'i0slsn080ab1d02x5' has no muxscan scan equivalent and is treated as nonscan model
//  Warning: Model 'i0slsn080ab1n02x5' has no muxscan scan equivalent and is treated as nonscan model
//  ------------------------------------------------------------------------------
//  5417 sequential library cells are treated as non-scan.
//  ------------------------------------------------------------------------------
//    2671 sequential library cells missing mux-scan equivalent.
//     437 sequential library cells below hard module.          
//    2309 sequential library cells defined non-scan.           
//  Note: Scan Enable signal, firebird7_in_gate2_tessent_ssn_scan_host_ssh_inst_tessent_persistent_cell_scan_en_buf_o, is constrained to 0 during the shift cycle, which doesn't match this signal's active value of 1.
//  ---------------------------------------------------------------------------
//  Begin scannability rules checking for 90413 sequential library cells
//  and 2 scan segments. The scan segments contain 16 additional cells.
//  ---------------------------------------------------------------------------
//  Note: There were 13 S4 violations (clock path non-scan cells maintain a constant value during shift and capture)).
//  Note: There were 5479 S7 violations (Potentially scannable cell that is not in the clock path is driven by a constant value).
//  90400 sequential library cells and 2 scan segments identified as scannable.
//  ---------------------------------------------------------------------------
//  Begin transparent latch checking for 2685 latches.
//  ---------------------------------------------------------------------------
//  Warning: 11 latches not transparent due to unobservable. (D6)
//  Number transparent latches = 2674.
//  ---------------------------------------------------------------------------
//  Begin scan clock rules checking.
//  ---------------------------------------------------------------------------
//  7 scan clock/set/reset lines have been identified.
//  All scan clocks successfully passed off-state check.
//  335 sequential cells passed clock stability checking.
//  Warning: There were 1 clock rule C2 fails (reachability check).
//  There were 5 clock rule C3 fails (clock may capture data affected by its captured data).
//  Warning: There were 2612 clock rule C4 fails (clock may be affected by its captured data).
//  Note: Trailing edge triggered device can capture data affected by leading edge.
//  ---------------------------------------------------------------------------
//  5432 non-scan memory elements are identified.
//  ---------------------------------------------------------------------------
//   267 non-scan memory elements are identified as TIE-0.  (D5)
//    19 non-scan memory elements are identified as TIE-1.  (D5)
//  1232 non-scan memory elements are identified as TIE-X.  (D5)
//  1240 non-scan memory elements are identified as INIT-X. (D5)
//  2674 non-scan memory elements are identified as TLA.    (D5)
//  ---------------------------------------------------------------------------
//  Note: Scan Enable signal, firebird7_in_gate2_tessent_ssn_scan_host_ssh_inst_tessent_persistent_cell_scan_en_buf_o, is constrained to 0 during the shift cycle, which doesn't match this signal's active value of 1.
//  ---------------------------------------------------------------------------
//  Begin shift register identification for 90400 sequential library cells.
//  ---------------------------------------------------------------------------
//  Number of shift register flops recorded for scan insertion: 9136 (9.53%)
//  Number of shift registers recorded for scan insertion: 4030
//  Longest shift register has 5 flops.
//  Shortest shift register has 2 flops.
//  Potential number of nonscan flops to be converted to scan cells: 1
//  Potential number of scan cells to be converted to nonscan flops: 5106
//  Note: Automatically inferring "set_scan_insertion_options -se_pipeline_count 1" because the DFT signal 'se_pipeline_en' was previously defined.
//  Number of targeted sequential library cells = 90400
//  command: dofile ./dofiles/3rd_pass/3.Identify_wrapper_cells.do
//    command: analyze_wrapper_cells 
//  
//     Port information and user constraints:
//     --------------------------------------
//         Input ports:   339 total,    36 ignored,     0 excluded,     0 off,     0 on,   303 auto
//        Output ports:   570 total,    39 ignored,     0 excluded,     0 off,     0 on,   531 auto
//  
//  
//     Wrapper analysis summary:
//     -------------------------
//        0 output ports required a dedicated wrapper cell.
//        3 input ports required a dedicated wrapper cell.
//        534 flip-flops were converted into output shared wrapper cells.
//        311 flip-flops were converted into input shared wrapper cells.
//        Use report_wrapper_cells for more details.
//  
//  command: dofile ./dofiles/3rd_pass/4.Specify_scan_configuration.do
//    command: set_scan_insertion_options -single_class_chains on -single_wrapper_type_chains on -single_power_domain_chains on -single_cluster_chains on
//    command: add_scan_mode int_mode -type internal -chain_length 250 -edt_instances firebird7_in_gate2_tessent_edt_intest_edt_inst -enable_dft_signal int_edt_mode -single_power_domain_chains on
//  Reading core description file ./tsdb_outdir/instruments/firebird7_in_gate2_edt.instrument/firebird7_in_gate2_tessent_edt_intest_edt.tcd
//  Setting the chain count to the number of specified scan connections (371).
//  Warning: Specifying a chain length (250) on a mode with an EDT instance could result in unused EDT chain pins. Please consider not specifying a chain length.
//    command: add_scan_mode ext_mode -type external -chain_length 250 -edt_instances firebird7_in_gate2_tessent_edt_extest_edt_inst -enable_dft_signal ext_edt_mode -single_power_domain_chains on
//  Reading core description file ./tsdb_outdir/instruments/firebird7_in_gate2_edt.instrument/firebird7_in_gate2_tessent_edt_extest_edt.tcd
//  Setting the chain count to the number of specified scan connections (5).
//  Warning: Specifying a chain length (250) on a mode with an EDT instance could result in unused EDT chain pins. Please consider not specifying a chain length.
//  command: dofile ./dofiles/3rd_pass/5.Analyze_scan_chains.do
//    command: analyze_scan_chains 
//  Handling of unused chain connection 'edt_scan_out[364]' for mode 'int_mode' : insert_pipelining_flop.
//  Handling of unused chain connection 'edt_scan_out[365]' for mode 'int_mode' : insert_pipelining_flop.
//  Handling of unused chain connection 'edt_scan_out[366]' for mode 'int_mode' : insert_pipelining_flop.
//  Handling of unused chain connection 'edt_scan_out[367]' for mode 'int_mode' : insert_pipelining_flop.
//  Handling of unused chain connection 'edt_scan_out[368]' for mode 'int_mode' : insert_pipelining_flop.
//  Handling of unused chain connection 'edt_scan_out[369]' for mode 'int_mode' : insert_pipelining_flop.
//  Handling of unused chain connection 'edt_scan_out[370]' for mode 'int_mode' : insert_pipelining_flop.
//  Chain allocation of 'int_mode' mode completed:
//       371 distributed chains of sizes ranging from 1 to 250
//  Chain allocation of 'ext_mode' mode completed:
//         5 distributed chains of sizes ranging from 158 to 179
//    command: report_scan_elements > reports/scan_elements.txt.gz
//    command: report_scan_chains > reports/scan_chains.txt.gz
//    command: report_scan_cells > reports/scan_cells.txt.gz
//    command: report_scan_enable > reports/scan_enable.txt.gz
//  command: dofile ./dofiles/3rd_pass/6.Insert_test_logic.do
//    command: insert_test_logic -verbose
=============================
Test Logic Insertion Summary:
=============================

  Structural Data:
  ----------------
                           Added top-level port count:           0
                                 Added instance count:        2474

  Logical Data:
  -------------
                Added clock gater control logic count:          11
                      Added input wrapper logic count:         625
                     Added output wrapper logic count:        1068
                         Added pipelining logic count:          17
                           Added retiming logic count:         373
             Added scan enable pipelining logic count:           6
                    Added scan chain count (int_mode):         371
                    Added scan chain count (ext_mode):           5

//  Warning: Flattened model deleted.
//  
//  Writing out netlist and related files in ./tsdb_outdir/dft_inserted_designs/firebird7_in_gate3.dft_inserted_design
//    command: system "gzip -9f ./tsdb_outdir/dft_inserted_designs/firebird7_in_gate3.dft_inserted_design/firebird7_in.vg"
//  command: exit 
