***I: Start time is Sun Nov  5 09:01:16 2023
***I: Starting split synthesis runs for components.  Process ID: 36954
***I: Block working directory is /nfs/site/disks/zsc14.xne_irw_003/khiremat/tessent_study_group/learn-tessent/firebird7_in
***I: Synthesis directory is synthesis_outdir/firebird7_in_gate2.synthesis_dc_shell
***I: Using maximum queued netbatch jobs of 500
***I: Using netbatch class environment variable NBCLASS SLES12&&16G&&4C
***I: Found split synthesis script: synthesis_outdir/firebird7_in_gate2.synthesis_dc_shell/user_firebird7_in_gate2_cells.instrument.firebird7_in_gate2_tessent_posedge_clock_dff_reset.tcl
***I: Found split synthesis script: synthesis_outdir/firebird7_in_gate2.synthesis_dc_shell/user_firebird7_in_gate2_edt.instrument.firebird7_in_gate2_edt_channel_out_mux_2x1_1.tcl
***I: Found split synthesis script: synthesis_outdir/firebird7_in_gate2.synthesis_dc_shell/user_firebird7_in_gate2_edt.instrument.firebird7_in_gate2_tessent_edt_extest_edt.tcl
***I: Found split synthesis script: synthesis_outdir/firebird7_in_gate2.synthesis_dc_shell/user_firebird7_in_gate2_edt.instrument.firebird7_in_gate2_tessent_edt_extest_edt_tdr.tcl
***I: Found split synthesis script: synthesis_outdir/firebird7_in_gate2.synthesis_dc_shell/user_firebird7_in_gate2_edt.instrument.firebird7_in_gate2_tessent_edt_intest_edt.tcl
***I: Found split synthesis script: synthesis_outdir/firebird7_in_gate2.synthesis_dc_shell/user_firebird7_in_gate2_edt.instrument.firebird7_in_gate2_tessent_edt_intest_edt_tdr.tcl
***I: Found split synthesis script: synthesis_outdir/firebird7_in_gate2.synthesis_dc_shell/user_firebird7_in_gate2_ijtag.instrument.firebird7_in_gate2_tessent_scanmux_extest_edt_scan_bi_sol_secure_mux.tcl
***I: Found split synthesis script: synthesis_outdir/firebird7_in_gate2.synthesis_dc_shell/user_firebird7_in_gate2_ijtag.instrument.firebird7_in_gate2_tessent_scanmux_intest_edt_scan_bi_sol_secure_mux.tcl
***I: Found split synthesis script: synthesis_outdir/firebird7_in_gate2.synthesis_dc_shell/user_firebird7_in_gate2_ijtag.instrument.firebird7_in_gate2_tessent_scanmux_sri_secure_mux.tcl
***I: Found split synthesis script: synthesis_outdir/firebird7_in_gate2.synthesis_dc_shell/user_firebird7_in_gate2_ijtag.instrument.firebird7_in_gate2_tessent_sib_edt.tcl
***I: Found split synthesis script: synthesis_outdir/firebird7_in_gate2.synthesis_dc_shell/user_firebird7_in_gate2_ijtag.instrument.firebird7_in_gate2_tessent_sib_extest_edt_scan_bi_sol.tcl
***I: Found split synthesis script: synthesis_outdir/firebird7_in_gate2.synthesis_dc_shell/user_firebird7_in_gate2_ijtag.instrument.firebird7_in_gate2_tessent_sib_intest_edt_scan_bi_sol.tcl
***I: Found split synthesis script: synthesis_outdir/firebird7_in_gate2.synthesis_dc_shell/user_firebird7_in_gate2_ijtag.instrument.firebird7_in_gate2_tessent_sib_occ.tcl
***I: Found split synthesis script: synthesis_outdir/firebird7_in_gate2.synthesis_dc_shell/user_firebird7_in_gate2_ijtag.instrument.firebird7_in_gate2_tessent_sib_sri.tcl
***I: Found split synthesis script: synthesis_outdir/firebird7_in_gate2.synthesis_dc_shell/user_firebird7_in_gate2_ijtag.instrument.firebird7_in_gate2_tessent_sib_sri_ctrl.tcl
***I: Found split synthesis script: synthesis_outdir/firebird7_in_gate2.synthesis_dc_shell/user_firebird7_in_gate2_ijtag.instrument.firebird7_in_gate2_tessent_sib_sri_local.tcl
***I: Found split synthesis script: synthesis_outdir/firebird7_in_gate2.synthesis_dc_shell/user_firebird7_in_gate2_ijtag.instrument.firebird7_in_gate2_tessent_sib_ssn.tcl
***I: Found split synthesis script: synthesis_outdir/firebird7_in_gate2.synthesis_dc_shell/user_firebird7_in_gate2_ijtag.instrument.firebird7_in_gate2_tessent_tdr_extest_edt_scan_bi_sol_control.tcl
***I: Found split synthesis script: synthesis_outdir/firebird7_in_gate2.synthesis_dc_shell/user_firebird7_in_gate2_ijtag.instrument.firebird7_in_gate2_tessent_tdr_extest_edt_scan_bi_sol_status.tcl
***I: Found split synthesis script: synthesis_outdir/firebird7_in_gate2.synthesis_dc_shell/user_firebird7_in_gate2_ijtag.instrument.firebird7_in_gate2_tessent_tdr_intest_edt_scan_bi_sol_control.tcl
***I: Found split synthesis script: synthesis_outdir/firebird7_in_gate2.synthesis_dc_shell/user_firebird7_in_gate2_ijtag.instrument.firebird7_in_gate2_tessent_tdr_intest_edt_scan_bi_sol_status.tcl
***I: Found split synthesis script: synthesis_outdir/firebird7_in_gate2.synthesis_dc_shell/user_firebird7_in_gate2_ijtag.instrument.firebird7_in_gate2_tessent_tdr_sri_ctrl.tcl
***I: Found split synthesis script: synthesis_outdir/firebird7_in_gate2.synthesis_dc_shell/user_firebird7_in_gate2_ijtag.instrument.firebird7_in_gate2_tessent_tdr_sri_tdr1.tcl
***I: Found split synthesis script: synthesis_outdir/firebird7_in_gate2.synthesis_dc_shell/user_firebird7_in_gate2_ijtag.instrument.firebird7_in_gate2_tessent_tdr_sri_tdr2.tcl
***I: Found split synthesis script: synthesis_outdir/firebird7_in_gate2.synthesis_dc_shell/user_firebird7_in_gate2_ijtag.instrument.firebird7_in_gate2_tessent_tdr_sri_tdr3.tcl
***I: Found split synthesis script: synthesis_outdir/firebird7_in_gate2.synthesis_dc_shell/user_firebird7_in_gate2_ijtag.instrument.firebird7_in_gate2_tessent_tdr_sri_tdr4.tcl
***I: Found split synthesis script: synthesis_outdir/firebird7_in_gate2.synthesis_dc_shell/user_firebird7_in_gate2_occ.instrument.firebird7_in_gate2_tessent_occ_clk.tcl
***I: Found split synthesis script: synthesis_outdir/firebird7_in_gate2.synthesis_dc_shell/user_firebird7_in_gate2_ssn.instrument.firebird7_in_gate2_tessent_ssn_pipe_ssn_output_pipe.tcl
***I: Found split synthesis script: synthesis_outdir/firebird7_in_gate2.synthesis_dc_shell/user_firebird7_in_gate2_ssn.instrument.firebird7_in_gate2_tessent_ssn_receiver_1x_pipe_ssn_input_pipe.tcl
***I: Found split synthesis script: synthesis_outdir/firebird7_in_gate2.synthesis_dc_shell/user_firebird7_in_gate2_ssn.instrument.firebird7_in_gate2_tessent_ssn_scan_host_ssh.tcl
***I: Number of remaining jobs is 30. Launching 30 jobs...
***I: Parent process PID (36954) has forked child process PID (36956)
***I: Parent process PID (36954) has forked child process PID (36957)
***I: Parent process PID (36954) has forked child process PID (36958)
***I: Child process PID (36956) for synthesis_outdir/firebird7_in_gate2.synthesis_dc_shell/user_firebird7_in_gate2_ssn.instrument.firebird7_in_gate2_tessent_ssn_scan_host_ssh.tcl has started...
***I: Child process PID (36956) successfully changed to directory synthesis_outdir/firebird7_in_gate2.synthesis_dc_shell/
***I: Child process PID (36956) launching synthesis job for synthesis_outdir/firebird7_in_gate2.synthesis_dc_shell/user_firebird7_in_gate2_ssn.instrument.firebird7_in_gate2_tessent_ssn_scan_host_ssh.tcl...
***I: Parent process PID (36954) has forked child process PID (36959)
***I: Child process PID (36958) for synthesis_outdir/firebird7_in_gate2.synthesis_dc_shell/user_firebird7_in_gate2_ssn.instrument.firebird7_in_gate2_tessent_ssn_pipe_ssn_output_pipe.tcl has started...
***I: Child process PID (36958) successfully changed to directory synthesis_outdir/firebird7_in_gate2.synthesis_dc_shell/
***I: Child process PID (36958) launching synthesis job for synthesis_outdir/firebird7_in_gate2.synthesis_dc_shell/user_firebird7_in_gate2_ssn.instrument.firebird7_in_gate2_tessent_ssn_pipe_ssn_output_pipe.tcl...
***I: Child process PID (36957) for synthesis_outdir/firebird7_in_gate2.synthesis_dc_shell/user_firebird7_in_gate2_ssn.instrument.firebird7_in_gate2_tessent_ssn_receiver_1x_pipe_ssn_input_pipe.tcl has started...
***I: Child process PID (36957) successfully changed to directory synthesis_outdir/firebird7_in_gate2.synthesis_dc_shell/
***I: Child process PID (36957) launching synthesis job for synthesis_outdir/firebird7_in_gate2.synthesis_dc_shell/user_firebird7_in_gate2_ssn.instrument.firebird7_in_gate2_tessent_ssn_receiver_1x_pipe_ssn_input_pipe.tcl...
***I: Parent process PID (36954) has forked child process PID (36961)
***I: Child process PID (36959) for synthesis_outdir/firebird7_in_gate2.synthesis_dc_shell/user_firebird7_in_gate2_occ.instrument.firebird7_in_gate2_tessent_occ_clk.tcl has started...
***I: Child process PID (36959) successfully changed to directory synthesis_outdir/firebird7_in_gate2.synthesis_dc_shell/
***I: Child process PID (36959) launching synthesis job for synthesis_outdir/firebird7_in_gate2.synthesis_dc_shell/user_firebird7_in_gate2_occ.instrument.firebird7_in_gate2_tessent_occ_clk.tcl...
***I: Parent process PID (36954) has forked child process PID (36964)
***I: Child process PID (36961) for synthesis_outdir/firebird7_in_gate2.synthesis_dc_shell/user_firebird7_in_gate2_ijtag.instrument.firebird7_in_gate2_tessent_tdr_sri_tdr4.tcl has started...
***I: Child process PID (36961) successfully changed to directory synthesis_outdir/firebird7_in_gate2.synthesis_dc_shell/
***I: Child process PID (36961) launching synthesis job for synthesis_outdir/firebird7_in_gate2.synthesis_dc_shell/user_firebird7_in_gate2_ijtag.instrument.firebird7_in_gate2_tessent_tdr_sri_tdr4.tcl...
***I: Parent process PID (36954) has forked child process PID (36966)
***I: Child process PID (36964) for synthesis_outdir/firebird7_in_gate2.synthesis_dc_shell/user_firebird7_in_gate2_ijtag.instrument.firebird7_in_gate2_tessent_tdr_sri_tdr3.tcl has started...
***I: Child process PID (36964) successfully changed to directory synthesis_outdir/firebird7_in_gate2.synthesis_dc_shell/
***I: Child process PID (36964) launching synthesis job for synthesis_outdir/firebird7_in_gate2.synthesis_dc_shell/user_firebird7_in_gate2_ijtag.instrument.firebird7_in_gate2_tessent_tdr_sri_tdr3.tcl...
***I: Child process PID (36966) for synthesis_outdir/firebird7_in_gate2.synthesis_dc_shell/user_firebird7_in_gate2_ijtag.instrument.firebird7_in_gate2_tessent_tdr_sri_tdr2.tcl has started...
***I: Child process PID (36966) successfully changed to directory synthesis_outdir/firebird7_in_gate2.synthesis_dc_shell/
***I: Child process PID (36966) launching synthesis job for synthesis_outdir/firebird7_in_gate2.synthesis_dc_shell/user_firebird7_in_gate2_ijtag.instrument.firebird7_in_gate2_tessent_tdr_sri_tdr2.tcl...
***I: Parent process PID (36954) has forked child process PID (36967)
***I: Parent process PID (36954) has forked child process PID (36970)
***I: Child process PID (36967) for synthesis_outdir/firebird7_in_gate2.synthesis_dc_shell/user_firebird7_in_gate2_ijtag.instrument.firebird7_in_gate2_tessent_tdr_sri_tdr1.tcl has started...
***I: Child process PID (36967) successfully changed to directory synthesis_outdir/firebird7_in_gate2.synthesis_dc_shell/
***I: Child process PID (36967) launching synthesis job for synthesis_outdir/firebird7_in_gate2.synthesis_dc_shell/user_firebird7_in_gate2_ijtag.instrument.firebird7_in_gate2_tessent_tdr_sri_tdr1.tcl...
***I: Parent process PID (36954) has forked child process PID (36972)
***I: Child process PID (36970) for synthesis_outdir/firebird7_in_gate2.synthesis_dc_shell/user_firebird7_in_gate2_ijtag.instrument.firebird7_in_gate2_tessent_tdr_sri_ctrl.tcl has started...
***I: Child process PID (36970) successfully changed to directory synthesis_outdir/firebird7_in_gate2.synthesis_dc_shell/
***I: Child process PID (36970) launching synthesis job for synthesis_outdir/firebird7_in_gate2.synthesis_dc_shell/user_firebird7_in_gate2_ijtag.instrument.firebird7_in_gate2_tessent_tdr_sri_ctrl.tcl...
***I: Child process PID (36972) for synthesis_outdir/firebird7_in_gate2.synthesis_dc_shell/user_firebird7_in_gate2_ijtag.instrument.firebird7_in_gate2_tessent_tdr_intest_edt_scan_bi_sol_status.tcl has started...
***I: Child process PID (36972) successfully changed to directory synthesis_outdir/firebird7_in_gate2.synthesis_dc_shell/
***I: Child process PID (36972) launching synthesis job for synthesis_outdir/firebird7_in_gate2.synthesis_dc_shell/user_firebird7_in_gate2_ijtag.instrument.firebird7_in_gate2_tessent_tdr_intest_edt_scan_bi_sol_status.tcl...
***I: Parent process PID (36954) has forked child process PID (36974)
***I: Child process PID (36974) for synthesis_outdir/firebird7_in_gate2.synthesis_dc_shell/user_firebird7_in_gate2_ijtag.instrument.firebird7_in_gate2_tessent_tdr_intest_edt_scan_bi_sol_control.tcl has started...
***I: Child process PID (36974) successfully changed to directory synthesis_outdir/firebird7_in_gate2.synthesis_dc_shell/
***I: Child process PID (36974) launching synthesis job for synthesis_outdir/firebird7_in_gate2.synthesis_dc_shell/user_firebird7_in_gate2_ijtag.instrument.firebird7_in_gate2_tessent_tdr_intest_edt_scan_bi_sol_control.tcl...
***I: Parent process PID (36954) has forked child process PID (36977)
***I: Parent process PID (36954) has forked child process PID (36979)
***I: Child process PID (36977) for synthesis_outdir/firebird7_in_gate2.synthesis_dc_shell/user_firebird7_in_gate2_ijtag.instrument.firebird7_in_gate2_tessent_tdr_extest_edt_scan_bi_sol_status.tcl has started...
***I: Child process PID (36977) successfully changed to directory synthesis_outdir/firebird7_in_gate2.synthesis_dc_shell/
***I: Child process PID (36977) launching synthesis job for synthesis_outdir/firebird7_in_gate2.synthesis_dc_shell/user_firebird7_in_gate2_ijtag.instrument.firebird7_in_gate2_tessent_tdr_extest_edt_scan_bi_sol_status.tcl...
***I: Child process PID (36979) for synthesis_outdir/firebird7_in_gate2.synthesis_dc_shell/user_firebird7_in_gate2_ijtag.instrument.firebird7_in_gate2_tessent_tdr_extest_edt_scan_bi_sol_control.tcl has started...
***I: Child process PID (36979) successfully changed to directory synthesis_outdir/firebird7_in_gate2.synthesis_dc_shell/
***I: Child process PID (36979) launching synthesis job for synthesis_outdir/firebird7_in_gate2.synthesis_dc_shell/user_firebird7_in_gate2_ijtag.instrument.firebird7_in_gate2_tessent_tdr_extest_edt_scan_bi_sol_control.tcl...
***I: Parent process PID (36954) has forked child process PID (36980)
***I: Parent process PID (36954) has forked child process PID (36983)
***I: Parent process PID (36954) has forked child process PID (36984)
***I: Child process PID (36980) for synthesis_outdir/firebird7_in_gate2.synthesis_dc_shell/user_firebird7_in_gate2_ijtag.instrument.firebird7_in_gate2_tessent_sib_ssn.tcl has started...
***I: Child process PID (36980) successfully changed to directory synthesis_outdir/firebird7_in_gate2.synthesis_dc_shell/
***I: Child process PID (36980) launching synthesis job for synthesis_outdir/firebird7_in_gate2.synthesis_dc_shell/user_firebird7_in_gate2_ijtag.instrument.firebird7_in_gate2_tessent_sib_ssn.tcl...
***I: Child process PID (36983) for synthesis_outdir/firebird7_in_gate2.synthesis_dc_shell/user_firebird7_in_gate2_ijtag.instrument.firebird7_in_gate2_tessent_sib_sri_local.tcl has started...
***I: Child process PID (36983) successfully changed to directory synthesis_outdir/firebird7_in_gate2.synthesis_dc_shell/
***I: Child process PID (36983) launching synthesis job for synthesis_outdir/firebird7_in_gate2.synthesis_dc_shell/user_firebird7_in_gate2_ijtag.instrument.firebird7_in_gate2_tessent_sib_sri_local.tcl...
***I: Parent process PID (36954) has forked child process PID (36985)
***I: Child process PID (36985) for synthesis_outdir/firebird7_in_gate2.synthesis_dc_shell/user_firebird7_in_gate2_ijtag.instrument.firebird7_in_gate2_tessent_sib_sri.tcl has started...
***I: Child process PID (36985) successfully changed to directory synthesis_outdir/firebird7_in_gate2.synthesis_dc_shell/
***I: Child process PID (36985) launching synthesis job for synthesis_outdir/firebird7_in_gate2.synthesis_dc_shell/user_firebird7_in_gate2_ijtag.instrument.firebird7_in_gate2_tessent_sib_sri.tcl...
***I: Parent process PID (36954) has forked child process PID (36988)
***I: Child process PID (36984) for synthesis_outdir/firebird7_in_gate2.synthesis_dc_shell/user_firebird7_in_gate2_ijtag.instrument.firebird7_in_gate2_tessent_sib_sri_ctrl.tcl has started...
***I: Child process PID (36984) successfully changed to directory synthesis_outdir/firebird7_in_gate2.synthesis_dc_shell/
***I: Child process PID (36984) launching synthesis job for synthesis_outdir/firebird7_in_gate2.synthesis_dc_shell/user_firebird7_in_gate2_ijtag.instrument.firebird7_in_gate2_tessent_sib_sri_ctrl.tcl...
***I: Child process PID (36988) for synthesis_outdir/firebird7_in_gate2.synthesis_dc_shell/user_firebird7_in_gate2_ijtag.instrument.firebird7_in_gate2_tessent_sib_occ.tcl has started...
***I: Child process PID (36988) successfully changed to directory synthesis_outdir/firebird7_in_gate2.synthesis_dc_shell/
***I: Child process PID (36988) launching synthesis job for synthesis_outdir/firebird7_in_gate2.synthesis_dc_shell/user_firebird7_in_gate2_ijtag.instrument.firebird7_in_gate2_tessent_sib_occ.tcl...
***I: Parent process PID (36954) has forked child process PID (36990)
***I: Child process PID (36990) for synthesis_outdir/firebird7_in_gate2.synthesis_dc_shell/user_firebird7_in_gate2_ijtag.instrument.firebird7_in_gate2_tessent_sib_intest_edt_scan_bi_sol.tcl has started...
***I: Child process PID (36990) successfully changed to directory synthesis_outdir/firebird7_in_gate2.synthesis_dc_shell/
***I: Child process PID (36990) launching synthesis job for synthesis_outdir/firebird7_in_gate2.synthesis_dc_shell/user_firebird7_in_gate2_ijtag.instrument.firebird7_in_gate2_tessent_sib_intest_edt_scan_bi_sol.tcl...
***I: Parent process PID (36954) has forked child process PID (36993)
***I: Child process PID (36993) for synthesis_outdir/firebird7_in_gate2.synthesis_dc_shell/user_firebird7_in_gate2_ijtag.instrument.firebird7_in_gate2_tessent_sib_extest_edt_scan_bi_sol.tcl has started...
***I: Child process PID (36993) successfully changed to directory synthesis_outdir/firebird7_in_gate2.synthesis_dc_shell/
***I: Child process PID (36993) launching synthesis job for synthesis_outdir/firebird7_in_gate2.synthesis_dc_shell/user_firebird7_in_gate2_ijtag.instrument.firebird7_in_gate2_tessent_sib_extest_edt_scan_bi_sol.tcl...
***I: Parent process PID (36954) has forked child process PID (36994)
***I: Child process PID (36994) for synthesis_outdir/firebird7_in_gate2.synthesis_dc_shell/user_firebird7_in_gate2_ijtag.instrument.firebird7_in_gate2_tessent_sib_edt.tcl has started...
***I: Child process PID (36994) successfully changed to directory synthesis_outdir/firebird7_in_gate2.synthesis_dc_shell/
***I: Child process PID (36994) launching synthesis job for synthesis_outdir/firebird7_in_gate2.synthesis_dc_shell/user_firebird7_in_gate2_ijtag.instrument.firebird7_in_gate2_tessent_sib_edt.tcl...
***I: Parent process PID (36954) has forked child process PID (36996)
***I: Child process PID (36996) for synthesis_outdir/firebird7_in_gate2.synthesis_dc_shell/user_firebird7_in_gate2_ijtag.instrument.firebird7_in_gate2_tessent_scanmux_sri_secure_mux.tcl has started...
***I: Child process PID (36996) successfully changed to directory synthesis_outdir/firebird7_in_gate2.synthesis_dc_shell/
***I: Child process PID (36996) launching synthesis job for synthesis_outdir/firebird7_in_gate2.synthesis_dc_shell/user_firebird7_in_gate2_ijtag.instrument.firebird7_in_gate2_tessent_scanmux_sri_secure_mux.tcl...
***I: Parent process PID (36954) has forked child process PID (36999)
***I: Parent process PID (36954) has forked child process PID (37000)
***I: Child process PID (37000) for synthesis_outdir/firebird7_in_gate2.synthesis_dc_shell/user_firebird7_in_gate2_ijtag.instrument.firebird7_in_gate2_tessent_scanmux_extest_edt_scan_bi_sol_secure_mux.tcl has started...
***I: Child process PID (37000) successfully changed to directory synthesis_outdir/firebird7_in_gate2.synthesis_dc_shell/
***I: Child process PID (37000) launching synthesis job for synthesis_outdir/firebird7_in_gate2.synthesis_dc_shell/user_firebird7_in_gate2_ijtag.instrument.firebird7_in_gate2_tessent_scanmux_extest_edt_scan_bi_sol_secure_mux.tcl...
***I: Parent process PID (36954) has forked child process PID (37002)
***I: Child process PID (37002) for synthesis_outdir/firebird7_in_gate2.synthesis_dc_shell/user_firebird7_in_gate2_edt.instrument.firebird7_in_gate2_tessent_edt_intest_edt_tdr.tcl has started...
***I: Child process PID (37002) successfully changed to directory synthesis_outdir/firebird7_in_gate2.synthesis_dc_shell/
***I: Child process PID (37002) launching synthesis job for synthesis_outdir/firebird7_in_gate2.synthesis_dc_shell/user_firebird7_in_gate2_edt.instrument.firebird7_in_gate2_tessent_edt_intest_edt_tdr.tcl...
***I: Parent process PID (36954) has forked child process PID (37004)
***I: Child process PID (37004) for synthesis_outdir/firebird7_in_gate2.synthesis_dc_shell/user_firebird7_in_gate2_edt.instrument.firebird7_in_gate2_tessent_edt_intest_edt.tcl has started...
***I: Child process PID (37004) successfully changed to directory synthesis_outdir/firebird7_in_gate2.synthesis_dc_shell/
***I: Child process PID (37004) launching synthesis job for synthesis_outdir/firebird7_in_gate2.synthesis_dc_shell/user_firebird7_in_gate2_edt.instrument.firebird7_in_gate2_tessent_edt_intest_edt.tcl...
***I: Parent process PID (36954) has forked child process PID (37006)
***I: Child process PID (36999) for synthesis_outdir/firebird7_in_gate2.synthesis_dc_shell/user_firebird7_in_gate2_ijtag.instrument.firebird7_in_gate2_tessent_scanmux_intest_edt_scan_bi_sol_secure_mux.tcl has started...
***I: Child process PID (36999) successfully changed to directory synthesis_outdir/firebird7_in_gate2.synthesis_dc_shell/
***I: Child process PID (36999) launching synthesis job for synthesis_outdir/firebird7_in_gate2.synthesis_dc_shell/user_firebird7_in_gate2_ijtag.instrument.firebird7_in_gate2_tessent_scanmux_intest_edt_scan_bi_sol_secure_mux.tcl...
***I: Child process PID (37006) for synthesis_outdir/firebird7_in_gate2.synthesis_dc_shell/user_firebird7_in_gate2_edt.instrument.firebird7_in_gate2_tessent_edt_extest_edt_tdr.tcl has started...
***I: Child process PID (37006) successfully changed to directory synthesis_outdir/firebird7_in_gate2.synthesis_dc_shell/
***I: Child process PID (37006) launching synthesis job for synthesis_outdir/firebird7_in_gate2.synthesis_dc_shell/user_firebird7_in_gate2_edt.instrument.firebird7_in_gate2_tessent_edt_extest_edt_tdr.tcl...
***I: Parent process PID (36954) has forked child process PID (37008)
***I: Child process PID (37008) for synthesis_outdir/firebird7_in_gate2.synthesis_dc_shell/user_firebird7_in_gate2_edt.instrument.firebird7_in_gate2_tessent_edt_extest_edt.tcl has started...
***I: Child process PID (37008) successfully changed to directory synthesis_outdir/firebird7_in_gate2.synthesis_dc_shell/
***I: Child process PID (37008) launching synthesis job for synthesis_outdir/firebird7_in_gate2.synthesis_dc_shell/user_firebird7_in_gate2_edt.instrument.firebird7_in_gate2_tessent_edt_extest_edt.tcl...
***I: Parent process PID (36954) has forked child process PID (37010)
***I: Child process PID (37010) for synthesis_outdir/firebird7_in_gate2.synthesis_dc_shell/user_firebird7_in_gate2_edt.instrument.firebird7_in_gate2_edt_channel_out_mux_2x1_1.tcl has started...
***I: Child process PID (37010) successfully changed to directory synthesis_outdir/firebird7_in_gate2.synthesis_dc_shell/
***I: Child process PID (37010) launching synthesis job for synthesis_outdir/firebird7_in_gate2.synthesis_dc_shell/user_firebird7_in_gate2_edt.instrument.firebird7_in_gate2_edt_channel_out_mux_2x1_1.tcl...
***I: Child process PID (37026) for synthesis_outdir/firebird7_in_gate2.synthesis_dc_shell/user_firebird7_in_gate2_cells.instrument.firebird7_in_gate2_tessent_posedge_clock_dff_reset.tcl has started...
***I: Child process PID (37026) successfully changed to directory synthesis_outdir/firebird7_in_gate2.synthesis_dc_shell/
***I: Child process PID (37026) launching synthesis job for synthesis_outdir/firebird7_in_gate2.synthesis_dc_shell/user_firebird7_in_gate2_cells.instrument.firebird7_in_gate2_tessent_posedge_clock_dff_reset.tcl...
***I: Child process PID (36967) synthesis job completed with return code 0.  Child process exiting.
***I: Child process PID (36977) synthesis job completed with return code 0.  Child process exiting.
***I: Child process PID (36959) synthesis job completed with return code 0.  Child process exiting.
***I: Child process PID (37000) synthesis job completed with return code 0.  Child process exiting.
***I: Child process PID (36993) synthesis job completed with return code 0.  Child process exiting.
***I: Child process PID (36994) synthesis job completed with return code 0.  Child process exiting.
***I: Child process PID (37026) synthesis job completed with return code 0.  Child process exiting.
***I: Child process PID (37006) synthesis job completed with return code 0.  Child process exiting.
***I: Child process PID (36966) synthesis job completed with return code 0.  Child process exiting.
***I: Child process PID (36964) synthesis job completed with return code 0.  Child process exiting.
***I: Child process PID (37010) synthesis job completed with return code 0.  Child process exiting.
***I: Child process PID (36999) synthesis job completed with return code 0.  Child process exiting.
***I: Child process PID (37002) synthesis job completed with return code 0.  Child process exiting.
***I: Child process PID (36996) synthesis job completed with return code 0.  Child process exiting.
***I: Child process PID (36980) synthesis job completed with return code 0.  Child process exiting.
***I: Child process PID (37008) synthesis job completed with return code 0.  Child process exiting.
***I: Child process PID (36961) synthesis job completed with return code 0.  Child process exiting.
***I: Child process PID (36957) synthesis job completed with return code 0.  Child process exiting.
***I: Child process PID (36988) synthesis job completed with return code 0.  Child process exiting.
***I: Child process PID (36958) synthesis job completed with return code 0.  Child process exiting.
***I: Child process PID (36984) synthesis job completed with return code 0.  Child process exiting.
***I: Child process PID (36970) synthesis job completed with return code 0.  Child process exiting.
***I: Child process PID (36990) synthesis job completed with return code 0.  Child process exiting.
***I: Child process PID (36972) synthesis job completed with return code 0.  Child process exiting.
***I: Child process PID (36979) synthesis job completed with return code 0.  Child process exiting.
***I: Child process PID (36983) synthesis job completed with return code 0.  Child process exiting.
***I: Child process PID (36974) synthesis job completed with return code 0.  Child process exiting.
***I: Child process PID (37004) synthesis job completed with return code 0.  Child process exiting.
***I: Child process PID (36985) synthesis job completed with return code 0.  Child process exiting.
***I: Child process PID (36956) synthesis job completed with return code 0.  Child process exiting.
***I: Parent process PID (36954) has forked child process PID (37026)
***I: Parent process launched 30 child synthesis processes.   Waiting for them to complete...
***I: Parent saw child process PID (36967) exit.  Waiting on 29 with 0 still to launch in the next passes
***I: Parent saw child process PID (36977) exit.  Waiting on 28 with 0 still to launch in the next passes
***I: Parent saw child process PID (36959) exit.  Waiting on 27 with 0 still to launch in the next passes
***I: Parent saw child process PID (37000) exit.  Waiting on 26 with 0 still to launch in the next passes
***I: Parent saw child process PID (36993) exit.  Waiting on 25 with 0 still to launch in the next passes
***I: Parent saw child process PID (36994) exit.  Waiting on 24 with 0 still to launch in the next passes
***I: Parent saw child process PID (37026) exit.  Waiting on 23 with 0 still to launch in the next passes
***I: Parent saw child process PID (37006) exit.  Waiting on 22 with 0 still to launch in the next passes
***I: Parent saw child process PID (36966) exit.  Waiting on 21 with 0 still to launch in the next passes
***I: Parent saw child process PID (36964) exit.  Waiting on 20 with 0 still to launch in the next passes
***I: Parent saw child process PID (37010) exit.  Waiting on 19 with 0 still to launch in the next passes
***I: Parent saw child process PID (36999) exit.  Waiting on 18 with 0 still to launch in the next passes
***I: Parent saw child process PID (37002) exit.  Waiting on 17 with 0 still to launch in the next passes
***I: Parent saw child process PID (36980) exit.  Waiting on 16 with 0 still to launch in the next passes
***I: Parent saw child process PID (36996) exit.  Waiting on 15 with 0 still to launch in the next passes
***I: Parent saw child process PID (37008) exit.  Waiting on 14 with 0 still to launch in the next passes
***I: Parent saw child process PID (36961) exit.  Waiting on 13 with 0 still to launch in the next passes
***I: Parent saw child process PID (36957) exit.  Waiting on 12 with 0 still to launch in the next passes
***I: Parent saw child process PID (36988) exit.  Waiting on 11 with 0 still to launch in the next passes
***I: Parent saw child process PID (36958) exit.  Waiting on 10 with 0 still to launch in the next passes
***I: Parent saw child process PID (36984) exit.  Waiting on 9 with 0 still to launch in the next passes
***I: Parent saw child process PID (36970) exit.  Waiting on 8 with 0 still to launch in the next passes
***I: Parent saw child process PID (36990) exit.  Waiting on 7 with 0 still to launch in the next passes
***I: Parent saw child process PID (36972) exit.  Waiting on 6 with 0 still to launch in the next passes
***I: Parent saw child process PID (36979) exit.  Waiting on 5 with 0 still to launch in the next passes
***I: Parent saw child process PID (36983) exit.  Waiting on 4 with 0 still to launch in the next passes
***I: Parent saw child process PID (36974) exit.  Waiting on 3 with 0 still to launch in the next passes
***I: Parent saw child process PID (37004) exit.  Waiting on 2 with 0 still to launch in the next passes
***I: Parent saw child process PID (36985) exit.  Waiting on 1 with 0 still to launch in the next passes
***I: Parent saw child process PID (36956) exit.  Waiting on 0 with 0 still to launch in the next passes
***I: Parent process exiting.
***I: Finish time is Sun Nov  5 09:16:10 2023
